"../../../Engine/Content/Functions/Engine_MaterialFunctions01/Shading/PowerToRoughness.uasset" 0
"../../../Engine/Content/Functions/Engine_MaterialFunctions01/Shading/PowerToRoughness.uexp" 1
"../../../Engine/Content/Functions/Engine_MaterialFunctions01/Shading/ConvertFromDiffSpec.uasset" 2
"../../../Engine/Content/Functions/Engine_MaterialFunctions01/Shading/ConvertFromDiffSpec.uexp" 3
"../../../Engine/Content/EngineSounds/Master.uasset" 4
"../../../Engine/Content/EngineSounds/Master.uexp" 5
"../../../Engine/Content/EngineSky/VolumetricClouds/CloudWeatherTexture.uasset" 6
"../../../Engine/Content/EngineSky/VolumetricClouds/CloudWeatherTexture.uexp" 7
"../../../Engine/Content/Functions/Engine_MaterialFunctions02/Utility/MakeFloat2.uasset" 8
"../../../Engine/Content/Functions/Engine_MaterialFunctions02/Utility/MakeFloat2.uexp" 9
"../../../Engine/Content/EngineSky/VolumetricClouds/CloudGradientTexture.uasset" 10
"../../../Engine/Content/EngineSky/VolumetricClouds/CloudGradientTexture.uexp" 11
"../../../Engine/Content/EngineSky/VolumetricClouds/T_NoiseShape64.ubulk" 12
"../../../Engine/Content/EngineSky/VolumetricClouds/T_NoiseShape64.uasset" 13
"../../../Engine/Content/EngineSky/VolumetricClouds/T_NoiseShape64.uexp" 14
"../../../Engine/Content/EngineSky/VolumetricClouds/T_VolumeNoiseShape64.uasset" 15
"../../../Engine/Content/EngineSky/VolumetricClouds/T_VolumeNoiseShape64.uexp" 16
"../../../Engine/Content/EngineSky/VolumetricClouds/T_NoiseErosion.ubulk" 17
"../../../Engine/Content/EngineSky/VolumetricClouds/T_NoiseErosion.uasset" 18
"../../../Engine/Content/EngineSky/VolumetricClouds/T_NoiseErosion.uexp" 19
"../../../Engine/Content/EngineSky/VolumetricClouds/T_VolumeNoiseErosion32.uasset" 20
"../../../Engine/Content/EngineSky/VolumetricClouds/T_VolumeNoiseErosion32.uexp" 21
"../../../Engine/Content/EngineSky/VolumetricClouds/m_SimpleVolumetricCloud.uasset" 22
"../../../Engine/Content/EngineSky/VolumetricClouds/m_SimpleVolumetricCloud.uexp" 23
"../../../Engine/Content/EngineSky/VolumetricClouds/m_SimpleVolumetricCloud_Inst.uasset" 24
"../../../Engine/Content/EngineSky/VolumetricClouds/m_SimpleVolumetricCloud_Inst.uexp" 25
"../../../Engine/Content/EngineResources/GradientTexture0.uasset" 26
"../../../Engine/Content/EngineResources/GradientTexture0.uexp" 27
"../../../Engine/Content/EngineResources/DefaultVolumeTexture2D.uasset" 28
"../../../Engine/Content/EngineResources/DefaultVolumeTexture2D.uexp" 29
"../../../Engine/Content/EngineResources/DefaultVolumeTexture.uasset" 30
"../../../Engine/Content/EngineResources/DefaultVolumeTexture.uexp" 31
"../../../Engine/Content/EngineResources/DefaultTextureCube.uasset" 32
"../../../Engine/Content/EngineResources/DefaultTextureCube.uexp" 33
"../../../Engine/Content/EngineResources/DefaultTexture.ubulk" 34
"../../../Engine/Content/EngineResources/DefaultTexture.uasset" 35
"../../../Engine/Content/EngineResources/DefaultTexture.uexp" 36
"../../../Engine/Content/EngineResources/Black.uasset" 37
"../../../Engine/Content/EngineResources/Black.uexp" 38
"../../../Engine/Content/EngineResources/FilmGrains/Marcie_Grain_v3_128_M2_000.uasset" 39
"../../../Engine/Content/EngineResources/FilmGrains/Marcie_Grain_v3_128_M2_000.uexp" 40
"../../../Engine/Content/EngineMeshes/Sphere.ubulk" 41
"../../../Engine/Content/EngineMeshes/Sphere.uasset" 42
"../../../Engine/Content/EngineMeshes/Sphere.uexp" 43
"../../../Engine/Content/EngineResources/WhiteSquareTexture.uasset" 44
"../../../Engine/Content/EngineResources/WhiteSquareTexture.uexp" 45
"../../../Engine/Content/EngineMaterials/Widget3DPassThrough.uasset" 46
"../../../Engine/Content/EngineMaterials/Widget3DPassThrough.uexp" 47
"../../../Engine/Content/EngineMaterials/Widget3DPassThrough_Translucent.uasset" 48
"../../../Engine/Content/EngineMaterials/Widget3DPassThrough_Translucent.uexp" 49
"../../../Engine/Content/EngineMaterials/Widget3DPassThrough_Translucent_OneSided.uasset" 50
"../../../Engine/Content/EngineMaterials/Widget3DPassThrough_Translucent_OneSided.uexp" 51
"../../../Engine/Content/EngineMaterials/Widget3DPassThrough_Opaque.uasset" 52
"../../../Engine/Content/EngineMaterials/Widget3DPassThrough_Opaque.uexp" 53
"../../../Engine/Content/EngineMaterials/Widget3DPassThrough_Opaque_OneSided.uasset" 54
"../../../Engine/Content/EngineMaterials/Widget3DPassThrough_Opaque_OneSided.uexp" 55
"../../../Engine/Content/EngineMaterials/Widget3DPassThrough_Masked_OneSided.uasset" 56
"../../../Engine/Content/EngineMaterials/Widget3DPassThrough_Masked_OneSided.uexp" 57
"../../../Engine/Content/EngineMaterials/Widget3DPassThrough_Masked.uasset" 58
"../../../Engine/Content/EngineMaterials/Widget3DPassThrough_Masked.uexp" 59
"../../../Engine/Content/EngineMaterials/WeightMapPlaceholderTexture.uasset" 60
"../../../Engine/Content/EngineMaterials/WeightMapPlaceholderTexture.uexp" 61
"../../../Engine/Content/EngineMaterials/RemoveSurfaceMaterial.uasset" 62
"../../../Engine/Content/EngineMaterials/RemoveSurfaceMaterial.uexp" 63
"../../../Engine/Content/EngineMaterials/PreintegratedSkinBRDF.uasset" 64
"../../../Engine/Content/EngineMaterials/PreintegratedSkinBRDF.uexp" 65
"../../../Engine/Content/EngineMaterials/DefaultCalibrationGrayscale.uasset" 66
"../../../Engine/Content/EngineMaterials/DefaultCalibrationGrayscale.uexp" 67
"../../../Engine/Content/EngineMaterials/PPM_DefaultCalibrationGrayscale.uasset" 68
"../../../Engine/Content/EngineMaterials/PPM_DefaultCalibrationGrayscale.uexp" 69
"../../../Engine/Content/EngineMaterials/DefaultCalibrationColor.uasset" 70
"../../../Engine/Content/EngineMaterials/DefaultCalibrationColor.uexp" 71
"../../../Engine/Content/EngineMaterials/PPM_DefaultCalibrationColor.uasset" 72
"../../../Engine/Content/EngineMaterials/PPM_DefaultCalibrationColor.uexp" 73
"../../../Engine/Content/Functions/Engine_MaterialFunctions02/WorldPositionOffset/CameraOffset.uasset" 74
"../../../Engine/Content/Functions/Engine_MaterialFunctions02/WorldPositionOffset/CameraOffset.uexp" 75
"../../../Engine/Content/EngineMaterials/PhAT_JointLimitMaterial.uasset" 76
"../../../Engine/Content/EngineMaterials/PhAT_JointLimitMaterial.uexp" 77
"../../../Engine/Content/EngineMaterials/InvalidLightmapSettings.ubulk" 78
"../../../Engine/Content/EngineMaterials/InvalidLightmapSettings.uasset" 79
"../../../Engine/Content/EngineMaterials/InvalidLightmapSettings.uexp" 80
"../../../Engine/Content/EngineMaterials/M_InvalidLightmapSettings.uasset" 81
"../../../Engine/Content/EngineMaterials/M_InvalidLightmapSettings.uexp" 82
"../../../Engine/Content/EngineMaterials/MiniFont.uasset" 83
"../../../Engine/Content/EngineMaterials/MiniFont.uexp" 84
"../../../Engine/Content/EngineMaterials/Good64x64TilingNoiseHighFreq.uasset" 85
"../../../Engine/Content/EngineMaterials/Good64x64TilingNoiseHighFreq.uexp" 86
"../../../Engine/Content/EngineMaterials/GizmoMaterial.uasset" 87
"../../../Engine/Content/EngineMaterials/GizmoMaterial.uexp" 88
"../../../Engine/Content/EngineMaterials/BaseFlattenEmissiveMap_VT.uasset" 89
"../../../Engine/Content/EngineMaterials/BaseFlattenEmissiveMap_VT.uexp" 90
"../../../Engine/Content/EngineMaterials/BaseFlattenGrayscaleMap_VT.uasset" 91
"../../../Engine/Content/EngineMaterials/BaseFlattenGrayscaleMap_VT.uexp" 92
"../../../Engine/Content/EngineMaterials/BaseFlattenLinearColor_VT.uasset" 93
"../../../Engine/Content/EngineMaterials/BaseFlattenLinearColor_VT.uexp" 94
"../../../Engine/Content/EngineMaterials/Black_1x1_EXR_Texture_VT.uasset" 95
"../../../Engine/Content/EngineMaterials/Black_1x1_EXR_Texture_VT.uexp" 96
"../../../Engine/Content/EngineMaterials/BaseFlattenDiffuseMap_VT.uasset" 97
"../../../Engine/Content/EngineMaterials/BaseFlattenDiffuseMap_VT.uexp" 98
"../../../Engine/Content/EngineMaterials/BaseFlattenNormalMap_VT.uasset" 99
"../../../Engine/Content/EngineMaterials/BaseFlattenNormalMap_VT.uexp" 100
"../../../Engine/Content/EngineMaterials/FlattenMaterial_WS_Normal_VT.uasset" 101
"../../../Engine/Content/EngineMaterials/FlattenMaterial_WS_Normal_VT.uexp" 102
"../../../Engine/Content/EngineMaterials/FlattenMaterial_VT.uasset" 103
"../../../Engine/Content/EngineMaterials/FlattenMaterial_VT.uexp" 104
"../../../Engine/Content/EngineMaterials/BaseFlattenNormalMap.uasset" 105
"../../../Engine/Content/EngineMaterials/BaseFlattenNormalMap.uexp" 106
"../../../Engine/Content/EngineMaterials/BaseFlattenGrayscaleMap.uasset" 107
"../../../Engine/Content/EngineMaterials/BaseFlattenGrayscaleMap.uexp" 108
"../../../Engine/Content/EngineMaterials/BaseFlattenDiffuseMap.uasset" 109
"../../../Engine/Content/EngineMaterials/BaseFlattenDiffuseMap.uexp" 110
"../../../Engine/Content/Functions/Engine_MaterialFunctions02/PivotPainter2/Black_1x1_EXR_Texture.uasset" 111
"../../../Engine/Content/Functions/Engine_MaterialFunctions02/PivotPainter2/Black_1x1_EXR_Texture.uexp" 112
"../../../Engine/Content/EngineMaterials/BaseFlattenEmissiveMap.uasset" 113
"../../../Engine/Content/EngineMaterials/BaseFlattenEmissiveMap.uexp" 114
"../../../Engine/Content/EngineMaterials/BaseFlattenLinearColor.uasset" 115
"../../../Engine/Content/EngineMaterials/BaseFlattenLinearColor.uexp" 116
"../../../Engine/Content/EngineMaterials/FlattenMaterial.uasset" 117
"../../../Engine/Content/EngineMaterials/FlattenMaterial.uexp" 118
"../../../Engine/Content/EngineMaterials/DefaultWhiteGrid_Low.uasset" 119
"../../../Engine/Content/EngineMaterials/DefaultWhiteGrid_Low.uexp" 120
"../../../Engine/Content/EngineMaterials/EmissiveMeshMaterial.uasset" 121
"../../../Engine/Content/EngineMaterials/EmissiveMeshMaterial.uexp" 122
"../../../Engine/Content/EngineMaterials/DefaultWhiteGrid.ubulk" 123
"../../../Engine/Content/EngineMaterials/DefaultWhiteGrid.uasset" 124
"../../../Engine/Content/EngineMaterials/DefaultWhiteGrid.uexp" 125
"../../../Engine/Content/EngineFonts/RobotoDistanceField.uasset" 126
"../../../Engine/Content/EngineFonts/RobotoDistanceField.uexp" 127
"../../../Engine/Content/EngineMaterials/DefaultTextMaterialOpaque.uasset" 128
"../../../Engine/Content/EngineMaterials/DefaultTextMaterialOpaque.uexp" 129
"../../../Engine/Content/EngineMaterials/DefaultDiffuse.ubulk" 130
"../../../Engine/Content/EngineMaterials/DefaultDiffuse.uasset" 131
"../../../Engine/Content/EngineMaterials/DefaultDiffuse.uexp" 132
"../../../Engine/Content/Functions/Engine_MaterialFunctions02/Utility/BreakOutFloat2Components.uasset" 133
"../../../Engine/Content/Functions/Engine_MaterialFunctions02/Utility/BreakOutFloat2Components.uexp" 134
"../../../Engine/Content/EngineMaterials/DefaultPostProcessMaterial.uasset" 135
"../../../Engine/Content/EngineMaterials/DefaultPostProcessMaterial.uexp" 136
"../../../Engine/Content/EngineMaterials/DefaultPhysicalMaterial.uasset" 137
"../../../Engine/Content/EngineMaterials/DefaultPhysicalMaterial.uexp" 138
"../../../Engine/Content/EngineMaterials/DefaultLightFunctionMaterial.uasset" 139
"../../../Engine/Content/EngineMaterials/DefaultLightFunctionMaterial.uexp" 140
"../../../Engine/Content/EngineMaterials/DefaultDestructiblePhysicalMaterial.uasset" 141
"../../../Engine/Content/EngineMaterials/DefaultDestructiblePhysicalMaterial.uexp" 142
"../../../Engine/Content/EngineMaterials/DefaultDeferredDecalMaterial.uasset" 143
"../../../Engine/Content/EngineMaterials/DefaultDeferredDecalMaterial.uexp" 144
"../../../Engine/Content/EngineMaterials/DefaultBokeh.uasset" 145
"../../../Engine/Content/EngineMaterials/DefaultBokeh.uexp" 146
"../../../Engine/Content/EngineMaterials/DefaultBloomKernel.uasset" 147
"../../../Engine/Content/EngineMaterials/DefaultBloomKernel.uexp" 148
"../../../Engine/Content/EngineMaterials/BlueNoise.uasset" 149
"../../../Engine/Content/EngineMaterials/BlueNoise.uexp" 150
"../../../Engine/Content/EngineFonts/Faces/RobotoLight.uexp" 151
"../../../Engine/Content/EngineFonts/Faces/RobotoLight.uasset" 152
"../../../Engine/Content/EngineFonts/Faces/RobotoLight.ufont" 153
"../../../Engine/Content/EngineFonts/Faces/RobotoBold.uexp" 154
"../../../Engine/Content/EngineFonts/Faces/RobotoBold.uasset" 155
"../../../Engine/Content/EngineFonts/Faces/RobotoBold.ufont" 156
"../../../Engine/Content/EngineFonts/Faces/RobotoRegular.uexp" 157
"../../../Engine/Content/EngineFonts/Faces/RobotoRegular.uasset" 158
"../../../Engine/Content/EngineFonts/Faces/RobotoRegular.ufont" 159
"../../../Engine/Content/EngineFonts/Faces/DroidSansFallback.uexp" 160
"../../../Engine/Content/EngineFonts/Faces/DroidSansFallback.uasset" 161
"../../../Engine/Content/EngineFonts/Faces/DroidSansFallback.ufont" 162
"../../../Engine/Content/EngineFonts/Faces/RobotoItalic.uexp" 163
"../../../Engine/Content/EngineFonts/Faces/RobotoItalic.uasset" 164
"../../../Engine/Content/EngineFonts/Faces/RobotoItalic.ufont" 165
"../../../Engine/Content/EngineFonts/Faces/RobotoBoldItalic.uexp" 166
"../../../Engine/Content/EngineFonts/Faces/RobotoBoldItalic.uasset" 167
"../../../Engine/Content/EngineFonts/Faces/RobotoBoldItalic.ufont" 168
"../../../Engine/Content/EngineFonts/Roboto.uasset" 169
"../../../Engine/Content/EngineFonts/Roboto.uexp" 170
"../../../Engine/Content/Functions/Engine_MaterialFunctions02/Utility/CameraDirectionVector.uasset" 171
"../../../Engine/Content/Functions/Engine_MaterialFunctions02/Utility/CameraDirectionVector.uexp" 172
"../../../Engine/Content/EngineDebugMaterials/VolumeToRender.uasset" 173
"../../../Engine/Content/EngineDebugMaterials/VolumeToRender.uexp" 174
"../../../Engine/Content/EngineDebugMaterials/M_VolumeRenderSphereTracePP.uasset" 175
"../../../Engine/Content/EngineDebugMaterials/M_VolumeRenderSphereTracePP.uexp" 176
"../../../Engine/Content/EngineDebugMaterials/M_SimpleUnlitTranslucent.uasset" 177
"../../../Engine/Content/EngineDebugMaterials/M_SimpleUnlitTranslucent.uexp" 178
"../../../Engine/Content/EngineDebugMaterials/DebugMeshMaterial.uasset" 179
"../../../Engine/Content/EngineDebugMaterials/DebugMeshMaterial.uexp" 180
"../../../Engine/Content/EngineDebugMaterials/DebugEditorMaterial.uasset" 181
"../../../Engine/Content/EngineDebugMaterials/DebugEditorMaterial.uexp" 182
"../../../Engine/Content/EngineDamageTypes/DmgTypeBP_Environmental.uasset" 183
"../../../Engine/Content/EngineDamageTypes/DmgTypeBP_Environmental.uexp" 184
"../../../Engine/Content/EditorResources/S_TriggerSphere.uasset" 185
"../../../Engine/Content/EditorResources/S_TriggerSphere.uexp" 186
"../../../Engine/Content/EditorResources/S_TriggerCapsule.uasset" 187
"../../../Engine/Content/EditorResources/S_TriggerCapsule.uexp" 188
"../../../Engine/Content/EditorResources/S_TriggerBox.uasset" 189
"../../../Engine/Content/EditorResources/S_TriggerBox.uexp" 190
"../../../Engine/Content/EditorResources/S_Trigger.ubulk" 191
"../../../Engine/Content/EditorResources/S_Trigger.uasset" 192
"../../../Engine/Content/EditorResources/S_Trigger.uexp" 193
"../../../Engine/Content/EditorResources/S_Terrain.ubulk" 194
"../../../Engine/Content/EditorResources/S_Terrain.uasset" 195
"../../../Engine/Content/EditorResources/S_Terrain.uexp" 196
"../../../Engine/Content/EditorResources/S_Solver.ubulk" 197
"../../../Engine/Content/EditorResources/S_Solver.uasset" 198
"../../../Engine/Content/EditorResources/S_Solver.uexp" 199
"../../../Engine/Content/EditorResources/S_BoxReflectionCapture.uasset" 200
"../../../Engine/Content/EditorResources/S_BoxReflectionCapture.uexp" 201
"../../../Engine/Content/EditorResources/S_Actor.ubulk" 202
"../../../Engine/Content/EditorResources/S_Actor.uasset" 203
"../../../Engine/Content/EditorResources/S_Actor.uexp" 204
"../../../Engine/Content/EditorResources/EmptyActor.uasset" 205
"../../../Engine/Content/EditorResources/EmptyActor.uexp" 206
"../../../Engine/Content/EditorResources/BSPVertex.uasset" 207
"../../../Engine/Content/EditorResources/BSPVertex.uexp" 208
"../../../Engine/Content/EditorResources/SequenceRecorder/RecordingIndicator.uasset" 209
"../../../Engine/Content/EditorResources/SequenceRecorder/RecordingIndicator.uexp" 210
"../../../Engine/Content/EditorResources/SequenceRecorder/Countdown.uasset" 211
"../../../Engine/Content/EditorResources/SequenceRecorder/Countdown.uexp" 212
"../../../Engine/Content/EditorResources/AudioIcons/S_AudioComponent_AutoActivate.uasset" 213
"../../../Engine/Content/EditorResources/AudioIcons/S_AudioComponent_AutoActivate.uexp" 214
"../../../Engine/Content/EditorMaterials/Camera/CineMat.uasset" 215
"../../../Engine/Content/EditorMaterials/Camera/CineMat.uexp" 216
"../../../Engine/Content/EditorMaterials/Camera/MI_CineMat_Rig.uasset" 217
"../../../Engine/Content/EditorMaterials/Camera/MI_CineMat_Rig.uexp" 218
"../../../Engine/Content/EditorMeshes/Camera/SM_RailRig_Track.ubulk" 219
"../../../Engine/Content/EditorMeshes/Camera/SM_RailRig_Track.uasset" 220
"../../../Engine/Content/EditorMeshes/Camera/SM_RailRig_Track.uexp" 221
"../../../Engine/Content/EditorMeshes/Camera/SM_RailRig_Mount.ubulk" 222
"../../../Engine/Content/EditorMeshes/Camera/SM_RailRig_Mount.uasset" 223
"../../../Engine/Content/EditorMeshes/Camera/SM_RailRig_Mount.uexp" 224
"../../../Engine/Content/EditorMeshes/Camera/SM_CraneRig_Mount.ubulk" 225
"../../../Engine/Content/EditorMeshes/Camera/SM_CraneRig_Mount.uasset" 226
"../../../Engine/Content/EditorMeshes/Camera/SM_CraneRig_Mount.uexp" 227
"../../../Engine/Content/EditorMeshes/Camera/SM_CraneRig_Body.ubulk" 228
"../../../Engine/Content/EditorMeshes/Camera/SM_CraneRig_Body.uasset" 229
"../../../Engine/Content/EditorMeshes/Camera/SM_CraneRig_Body.uexp" 230
"../../../Engine/Content/EditorMeshes/Camera/SM_CraneRig_Base.ubulk" 231
"../../../Engine/Content/EditorMeshes/Camera/SM_CraneRig_Base.uasset" 232
"../../../Engine/Content/EditorMeshes/Camera/SM_CraneRig_Base.uexp" 233
"../../../Engine/Content/EditorMeshes/Camera/SM_CraneRig_Arm.ubulk" 234
"../../../Engine/Content/EditorMeshes/Camera/SM_CraneRig_Arm.uasset" 235
"../../../Engine/Content/EditorMeshes/Camera/SM_CraneRig_Arm.uexp" 236
"../../../Engine/Content/EditorMaterials/PreviewShadowIndicator.ubulk" 237
"../../../Engine/Content/EditorMaterials/PreviewShadowIndicator.uasset" 238
"../../../Engine/Content/EditorMaterials/PreviewShadowIndicator.uexp" 239
"../../../Engine/Content/EditorMaterials/PreviewShadowIndicatorMaterial.uasset" 240
"../../../Engine/Content/EditorMaterials/PreviewShadowIndicatorMaterial.uexp" 241
"../../../Engine/Content/EditorMaterials/MAT_Groups_Visibility.uasset" 242
"../../../Engine/Content/EditorMaterials/MAT_Groups_Visibility.uexp" 243
"../../../Engine/Content/EditorMaterials/MAT_Groups_Toggle.uasset" 244
"../../../Engine/Content/EditorMaterials/MAT_Groups_Toggle.uexp" 245
"../../../Engine/Content/Functions/Engine_MaterialFunctions02/Utility/MakeFloat4.uasset" 246
"../../../Engine/Content/Functions/Engine_MaterialFunctions02/Utility/MakeFloat4.uexp" 247
"../../../Engine/Content/Functions/Engine_MaterialFunctions02/Utility/MakeFloat3.uasset" 248
"../../../Engine/Content/Functions/Engine_MaterialFunctions02/Utility/MakeFloat3.uexp" 249
"../../../Engine/Content/Functions/Engine_MaterialFunctions02/Utility/BreakOutFloat3Components.uasset" 250
"../../../Engine/Content/Functions/Engine_MaterialFunctions02/Utility/BreakOutFloat3Components.uexp" 251
"../../../Engine/Content/EditorMaterials/WorldPartition/WorldPartitionSpatialHashGridPreviewMaterial.uasset" 252
"../../../Engine/Content/EditorMaterials/WorldPartition/WorldPartitionSpatialHashGridPreviewMaterial.uexp" 253
"../../../Engine/Content/EditorMaterials/ParticleSystems/PSysThumbnail_OOD.ubulk" 254
"../../../Engine/Content/EditorMaterials/ParticleSystems/PSysThumbnail_OOD.uasset" 255
"../../../Engine/Content/EditorMaterials/ParticleSystems/PSysThumbnail_OOD.uexp" 256
"../../../Engine/Content/EditorMaterials/ParticleSystems/PSysThumbnail_NoImage.ubulk" 257
"../../../Engine/Content/EditorMaterials/ParticleSystems/PSysThumbnail_NoImage.uasset" 258
"../../../Engine/Content/EditorMaterials/ParticleSystems/PSysThumbnail_NoImage.uexp" 259
"../../../Engine/Content/EditorMaterials/MatineeGroups/MAT_Groups_Vector.uasset" 260
"../../../Engine/Content/EditorMaterials/MatineeGroups/MAT_Groups_Vector.uexp" 261
"../../../Engine/Content/EditorMaterials/MatineeGroups/MAT_Groups_Sound.uasset" 262
"../../../Engine/Content/EditorMaterials/MatineeGroups/MAT_Groups_Sound.uexp" 263
"../../../Engine/Content/EditorMaterials/MatineeGroups/MAT_Groups_Slomo.uasset" 264
"../../../Engine/Content/EditorMaterials/MatineeGroups/MAT_Groups_Slomo.uexp" 265
"../../../Engine/Content/EditorMaterials/MatineeGroups/MAT_Groups_Move.uasset" 266
"../../../Engine/Content/EditorMaterials/MatineeGroups/MAT_Groups_Move.uexp" 267
"../../../Engine/Content/EditorMaterials/MatineeGroups/MAT_Groups_Float.uasset" 268
"../../../Engine/Content/EditorMaterials/MatineeGroups/MAT_Groups_Float.uexp" 269
"../../../Engine/Content/EditorMaterials/MatineeGroups/MAT_Groups_Fade.uasset" 270
"../../../Engine/Content/EditorMaterials/MatineeGroups/MAT_Groups_Fade.uexp" 271
"../../../Engine/Content/EditorMaterials/MatineeGroups/MAT_Groups_Event.uasset" 272
"../../../Engine/Content/EditorMaterials/MatineeGroups/MAT_Groups_Event.uexp" 273
"../../../Engine/Content/EditorMaterials/MatineeGroups/MAT_Groups_Director.uasset" 274
"../../../Engine/Content/EditorMaterials/MatineeGroups/MAT_Groups_Director.uexp" 275
"../../../Engine/Content/EditorMaterials/MatineeGroups/MAT_Groups_AudioMaster.uasset" 276
"../../../Engine/Content/EditorMaterials/MatineeGroups/MAT_Groups_AudioMaster.uexp" 277
"../../../Engine/Content/EditorMaterials/MatineeGroups/MAT_Groups_Anim.uasset" 278
"../../../Engine/Content/EditorMaterials/MatineeGroups/MAT_Groups_Anim.uexp" 279
"../../../Engine/Content/EditorMaterials/MatineeGroups/MAT_ColorTrack.uasset" 280
"../../../Engine/Content/EditorMaterials/MatineeGroups/MAT_ColorTrack.uexp" 281
"../../../Engine/Content/EditorLandscapeResources/DefaultAlphaTexture.uasset" 282
"../../../Engine/Content/EditorLandscapeResources/DefaultAlphaTexture.uexp" 283
"../../../Engine/Content/EditorLandscapeResources/DataLayer.uasset" 284
"../../../Engine/Content/EditorLandscapeResources/DataLayer.uexp" 285
"../../../Engine/Content/EngineMaterials/T_Default_Material_Grid_M.ubulk" 286
"../../../Engine/Content/EngineMaterials/T_Default_Material_Grid_M.uasset" 287
"../../../Engine/Content/EngineMaterials/T_Default_Material_Grid_M.uexp" 288
"../../../Engine/Content/EngineMaterials/T_Default_Material_Grid_N.ubulk" 289
"../../../Engine/Content/EngineMaterials/T_Default_Material_Grid_N.uasset" 290
"../../../Engine/Content/EngineMaterials/T_Default_Material_Grid_N.uexp" 291
"../../../Engine/Content/Functions/Engine_MaterialFunctions01/Opacity/CameraDepthFade.uasset" 292
"../../../Engine/Content/Functions/Engine_MaterialFunctions01/Opacity/CameraDepthFade.uexp" 293
"../../../Engine/Content/EngineMaterials/DefaultMaterial.uasset" 294
"../../../Engine/Content/EngineMaterials/DefaultMaterial.uexp" 295
"../../../Engine/Content/BasicShapes/Sphere.ubulk" 296
"../../../Engine/Content/BasicShapes/Sphere.uasset" 297
"../../../Engine/Content/BasicShapes/Sphere.uexp" 298
"../../../Engine/Content/EngineMaterials/WorldGridMaterial.uasset" 299
"../../../Engine/Content/EngineMaterials/WorldGridMaterial.uexp" 300
"../../../Engine/Content/BasicShapes/Plane.ubulk" 301
"../../../Engine/Content/BasicShapes/Plane.uasset" 302
"../../../Engine/Content/BasicShapes/Plane.uexp" 303
"../../../Engine/Content/BasicShapes/Cylinder.ubulk" 304
"../../../Engine/Content/BasicShapes/Cylinder.uasset" 305
"../../../Engine/Content/BasicShapes/Cylinder.uexp" 306
"../../../Engine/Content/BasicShapes/Cube.ubulk" 307
"../../../Engine/Content/BasicShapes/Cube.uasset" 308
"../../../Engine/Content/BasicShapes/Cube.uexp" 309
"../../../Engine/Content/BasicShapes/Cone.ubulk" 310
"../../../Engine/Content/BasicShapes/Cone.uasset" 311
"../../../Engine/Content/BasicShapes/Cone.uexp" 312
"../../../Engine/Content/ArtTools/RenderToTexture/Meshes/S_1_Unit_Plane.ubulk" 313
"../../../Engine/Content/ArtTools/RenderToTexture/Meshes/S_1_Unit_Plane.uasset" 314
"../../../Engine/Content/ArtTools/RenderToTexture/Meshes/S_1_Unit_Plane.uexp" 315
"../../../Engine/Content/MobileResources/HUD/VirtualJoystick_Background.uasset" 316
"../../../Engine/Content/MobileResources/HUD/VirtualJoystick_Background.uexp" 317
"../../../Engine/Content/MobileResources/HUD/VirtualJoystick_Thumb.uasset" 318
"../../../Engine/Content/MobileResources/HUD/VirtualJoystick_Thumb.uexp" 319
"../../../Engine/Content/MobileResources/HUD/DefaultVirtualJoysticks.uasset" 320
"../../../Engine/Content/MobileResources/HUD/DefaultVirtualJoysticks.uexp" 321
"../../../Engine/Content/Tutorial/ContentIntroCurve.uasset" 322
"../../../Engine/Content/Tutorial/ContentIntroCurve.uexp" 323
"../../../Engine/Content/Tutorial/BlueprintTutorials/TutorialAssets/Blueprint_64x.uasset" 324
"../../../Engine/Content/Tutorial/BlueprintTutorials/TutorialAssets/Blueprint_64x.uexp" 325
"../../../Engine/Content/VREditor/TransformGizmo/Main.uasset" 326
"../../../Engine/Content/VREditor/TransformGizmo/Main.uexp" 327
"../../../Engine/Content/VREditor/TransformGizmo/Xray.uasset" 328
"../../../Engine/Content/VREditor/TransformGizmo/Xray.uexp" 329
"../../../Engine/Content/VREditor/TransformGizmo/SM_Sequencer_Node.ubulk" 330
"../../../Engine/Content/VREditor/TransformGizmo/SM_Sequencer_Node.uasset" 331
"../../../Engine/Content/VREditor/TransformGizmo/SM_Sequencer_Node.uexp" 332
"../../../Engine/Content/VREditor/LaserPointer/VR_LaserPower_01.ubulk" 333
"../../../Engine/Content/VREditor/LaserPointer/VR_LaserPower_01.uasset" 334
"../../../Engine/Content/VREditor/LaserPointer/VR_LaserPower_01.uexp" 335
"../../../Engine/Content/VREditor/TransformGizmo/TransformGizmoMaterial.uasset" 336
"../../../Engine/Content/VREditor/TransformGizmo/TransformGizmoMaterial.uexp" 337
"../../../Engine/Content/VREditor/TransformGizmo/TranslucentTransformGizmoMaterial.uasset" 338
"../../../Engine/Content/VREditor/TransformGizmo/TranslucentTransformGizmoMaterial.uexp" 339
"../../../Engine/Content/VREditor/TransformGizmo/PlaneTranslationHandle.ubulk" 340
"../../../Engine/Content/VREditor/TransformGizmo/PlaneTranslationHandle.uasset" 341
"../../../Engine/Content/VREditor/TransformGizmo/PlaneTranslationHandle.uexp" 342
"../../../Engine/Content/VREditor/TransformGizmo/BoundingBoxEdge.ubulk" 343
"../../../Engine/Content/VREditor/TransformGizmo/BoundingBoxEdge.uasset" 344
"../../../Engine/Content/VREditor/TransformGizmo/BoundingBoxEdge.uexp" 345
"../../../Engine/Content/VREditor/TransformGizmo/BoundingBoxCorner.ubulk" 346
"../../../Engine/Content/VREditor/TransformGizmo/BoundingBoxCorner.uasset" 347
"../../../Engine/Content/VREditor/TransformGizmo/BoundingBoxCorner.uexp" 348
"../../../Engine/Plugins/2D/Paper2D/Content/PlaceholderTextures/DummySpriteTexture.ubulk" 349
"../../../Engine/Plugins/2D/Paper2D/Content/PlaceholderTextures/DummySpriteTexture.uasset" 350
"../../../Engine/Plugins/2D/Paper2D/Content/PlaceholderTextures/DummySpriteTexture.uexp" 351
"../../../Engine/Plugins/2D/Paper2D/Content/DefaultSpriteMaterial.uasset" 352
"../../../Engine/Plugins/2D/Paper2D/Content/DefaultSpriteMaterial.uexp" 353
"../../../Engine/Plugins/2D/Paper2D/Content/OpaqueUnlitSpriteMaterial.uasset" 354
"../../../Engine/Plugins/2D/Paper2D/Content/OpaqueUnlitSpriteMaterial.uexp" 355
"../../../Engine/Plugins/2D/Paper2D/Content/MaskedUnlitSpriteMaterial.uasset" 356
"../../../Engine/Plugins/2D/Paper2D/Content/MaskedUnlitSpriteMaterial.uexp" 357
"../../../Engine/Plugins/2D/Paper2D/Content/DummySprite.uasset" 358
"../../../Engine/Plugins/2D/Paper2D/Content/DummySprite.uexp" 359
"../../../Engine/Plugins/2D/Paper2D/Content/DefaultPaperTerrainMaterial.uasset" 360
"../../../Engine/Plugins/2D/Paper2D/Content/DefaultPaperTerrainMaterial.uexp" 361
"../../../Engine/Plugins/Animation/ControlRig/Content/M_Manip.uasset" 362
"../../../Engine/Plugins/Animation/ControlRig/Content/M_Manip.uexp" 363
"../../../Engine/Plugins/Animation/ControlRig/Content/Controls/DefaultGizmoLibraryNormalized.uasset" 364
"../../../Engine/Plugins/Animation/ControlRig/Content/Controls/DefaultGizmoLibraryNormalized.uexp" 365
"../../../Engine/Plugins/Animation/ControlRig/Content/Controls/ControlRig_Wedge_solid.ubulk" 366
"../../../Engine/Plugins/Animation/ControlRig/Content/Controls/ControlRig_Wedge_solid.uasset" 367
"../../../Engine/Plugins/Animation/ControlRig/Content/Controls/ControlRig_Wedge_solid.uexp" 368
"../../../Engine/Plugins/Animation/ControlRig/Content/Controls/ControlRig_Wedge_3mm.ubulk" 369
"../../../Engine/Plugins/Animation/ControlRig/Content/Controls/ControlRig_Wedge_3mm.uasset" 370
"../../../Engine/Plugins/Animation/ControlRig/Content/Controls/ControlRig_Wedge_3mm.uexp" 371
"../../../Engine/Plugins/Animation/ControlRig/Content/Controls/ControlRig_Wedge_1mm.ubulk" 372
"../../../Engine/Plugins/Animation/ControlRig/Content/Controls/ControlRig_Wedge_1mm.uasset" 373
"../../../Engine/Plugins/Animation/ControlRig/Content/Controls/ControlRig_Wedge_1mm.uexp" 374
"../../../Engine/Plugins/Animation/ControlRig/Content/Controls/ControlRig_Triangle_solid.ubulk" 375
"../../../Engine/Plugins/Animation/ControlRig/Content/Controls/ControlRig_Triangle_solid.uasset" 376
"../../../Engine/Plugins/Animation/ControlRig/Content/Controls/ControlRig_Triangle_solid.uexp" 377
"../../../Engine/Plugins/Animation/ControlRig/Content/Controls/ControlRig_Triangle_3mm.ubulk" 378
"../../../Engine/Plugins/Animation/ControlRig/Content/Controls/ControlRig_Triangle_3mm.uasset" 379
"../../../Engine/Plugins/Animation/ControlRig/Content/Controls/ControlRig_Triangle_3mm.uexp" 380
"../../../Engine/Plugins/Animation/ControlRig/Content/Controls/ControlRig_Triangle_1mm.ubulk" 381
"../../../Engine/Plugins/Animation/ControlRig/Content/Controls/ControlRig_Triangle_1mm.uasset" 382
"../../../Engine/Plugins/Animation/ControlRig/Content/Controls/ControlRig_Triangle_1mm.uexp" 383
"../../../Engine/Plugins/Animation/ControlRig/Content/Controls/ControlRig_Star4_solid.ubulk" 384
"../../../Engine/Plugins/Animation/ControlRig/Content/Controls/ControlRig_Star4_solid.uasset" 385
"../../../Engine/Plugins/Animation/ControlRig/Content/Controls/ControlRig_Star4_solid.uexp" 386
"../../../Engine/Plugins/Animation/ControlRig/Content/Controls/ControlRig_Star4_3mm.ubulk" 387
"../../../Engine/Plugins/Animation/ControlRig/Content/Controls/ControlRig_Star4_3mm.uasset" 388
"../../../Engine/Plugins/Animation/ControlRig/Content/Controls/ControlRig_Star4_3mm.uexp" 389
"../../../Engine/Plugins/Animation/ControlRig/Content/Controls/ControlRig_Star4_1mm.ubulk" 390
"../../../Engine/Plugins/Animation/ControlRig/Content/Controls/ControlRig_Star4_1mm.uasset" 391
"../../../Engine/Plugins/Animation/ControlRig/Content/Controls/ControlRig_Star4_1mm.uexp" 392
"../../../Engine/Plugins/Animation/ControlRig/Content/Controls/ControlRig_Square_solid.ubulk" 393
"../../../Engine/Plugins/Animation/ControlRig/Content/Controls/ControlRig_Square_solid.uasset" 394
"../../../Engine/Plugins/Animation/ControlRig/Content/Controls/ControlRig_Square_solid.uexp" 395
"../../../Engine/Plugins/Animation/ControlRig/Content/Controls/ControlRig_Square_3mm.ubulk" 396
"../../../Engine/Plugins/Animation/ControlRig/Content/Controls/ControlRig_Square_3mm.uasset" 397
"../../../Engine/Plugins/Animation/ControlRig/Content/Controls/ControlRig_Square_3mm.uexp" 398
"../../../Engine/Plugins/Animation/ControlRig/Content/Controls/ControlRig_Square_1mm.ubulk" 399
"../../../Engine/Plugins/Animation/ControlRig/Content/Controls/ControlRig_Square_1mm.uasset" 400
"../../../Engine/Plugins/Animation/ControlRig/Content/Controls/ControlRig_Square_1mm.uexp" 401
"../../../Engine/Plugins/Animation/ControlRig/Content/Controls/ControlRig_Sphere_solid.ubulk" 402
"../../../Engine/Plugins/Animation/ControlRig/Content/Controls/ControlRig_Sphere_solid.uasset" 403
"../../../Engine/Plugins/Animation/ControlRig/Content/Controls/ControlRig_Sphere_solid.uexp" 404
"../../../Engine/Plugins/Animation/ControlRig/Content/Controls/ControlRig_Sphere_3mm.ubulk" 405
"../../../Engine/Plugins/Animation/ControlRig/Content/Controls/ControlRig_Sphere_3mm.uasset" 406
"../../../Engine/Plugins/Animation/ControlRig/Content/Controls/ControlRig_Sphere_3mm.uexp" 407
"../../../Engine/Plugins/Animation/ControlRig/Content/Controls/ControlRig_Sphere_1mm.ubulk" 408
"../../../Engine/Plugins/Animation/ControlRig/Content/Controls/ControlRig_Sphere_1mm.uasset" 409
"../../../Engine/Plugins/Animation/ControlRig/Content/Controls/ControlRig_Sphere_1mm.uexp" 410
"../../../Engine/Plugins/Animation/ControlRig/Content/Controls/ControlRig_RoundedTriangle_solid.ubulk" 411
"../../../Engine/Plugins/Animation/ControlRig/Content/Controls/ControlRig_RoundedTriangle_solid.uasset" 412
"../../../Engine/Plugins/Animation/ControlRig/Content/Controls/ControlRig_RoundedTriangle_solid.uexp" 413
"../../../Engine/Plugins/Animation/ControlRig/Content/Controls/ControlRig_RoundedTriangle_3mm.ubulk" 414
"../../../Engine/Plugins/Animation/ControlRig/Content/Controls/ControlRig_RoundedTriangle_3mm.uasset" 415
"../../../Engine/Plugins/Animation/ControlRig/Content/Controls/ControlRig_RoundedTriangle_3mm.uexp" 416
"../../../Engine/Plugins/Animation/ControlRig/Content/Controls/ControlRig_RoundedTriangle_1mm.ubulk" 417
"../../../Engine/Plugins/Animation/ControlRig/Content/Controls/ControlRig_RoundedTriangle_1mm.uasset" 418
"../../../Engine/Plugins/Animation/ControlRig/Content/Controls/ControlRig_RoundedTriangle_1mm.uexp" 419
"../../../Engine/Plugins/Animation/ControlRig/Content/Controls/ControlRig_RoundedSquare_solid.ubulk" 420
"../../../Engine/Plugins/Animation/ControlRig/Content/Controls/ControlRig_RoundedSquare_solid.uasset" 421
"../../../Engine/Plugins/Animation/ControlRig/Content/Controls/ControlRig_RoundedSquare_solid.uexp" 422
"../../../Engine/Plugins/Animation/ControlRig/Content/Controls/ControlRig_RoundedSquare_3mm.ubulk" 423
"../../../Engine/Plugins/Animation/ControlRig/Content/Controls/ControlRig_RoundedSquare_3mm.uasset" 424
"../../../Engine/Plugins/Animation/ControlRig/Content/Controls/ControlRig_RoundedSquare_3mm.uexp" 425
"../../../Engine/Plugins/Animation/ControlRig/Content/Controls/ControlRig_RoundedSquare_1mm.ubulk" 426
"../../../Engine/Plugins/Animation/ControlRig/Content/Controls/ControlRig_RoundedSquare_1mm.uasset" 427
"../../../Engine/Plugins/Animation/ControlRig/Content/Controls/ControlRig_RoundedSquare_1mm.uexp" 428
"../../../Engine/Plugins/Animation/ControlRig/Content/Controls/ControlRig_QuarterCircle_solid.ubulk" 429
"../../../Engine/Plugins/Animation/ControlRig/Content/Controls/ControlRig_QuarterCircle_solid.uasset" 430
"../../../Engine/Plugins/Animation/ControlRig/Content/Controls/ControlRig_QuarterCircle_solid.uexp" 431
"../../../Engine/Plugins/Animation/ControlRig/Content/Controls/ControlRig_QuarterCircle_3mm.ubulk" 432
"../../../Engine/Plugins/Animation/ControlRig/Content/Controls/ControlRig_QuarterCircle_3mm.uasset" 433
"../../../Engine/Plugins/Animation/ControlRig/Content/Controls/ControlRig_QuarterCircle_3mm.uexp" 434
"../../../Engine/Plugins/Animation/ControlRig/Content/Controls/ControlRig_QuarterCircle_1mm.ubulk" 435
"../../../Engine/Plugins/Animation/ControlRig/Content/Controls/ControlRig_QuarterCircle_1mm.uasset" 436
"../../../Engine/Plugins/Animation/ControlRig/Content/Controls/ControlRig_QuarterCircle_1mm.uexp" 437
"../../../Engine/Plugins/Animation/ControlRig/Content/Controls/ControlRig_Pyramid_solid.ubulk" 438
"../../../Engine/Plugins/Animation/ControlRig/Content/Controls/ControlRig_Pyramid_solid.uasset" 439
"../../../Engine/Plugins/Animation/ControlRig/Content/Controls/ControlRig_Pyramid_solid.uexp" 440
"../../../Engine/Plugins/Animation/ControlRig/Content/Controls/ControlRig_Pyramid_3mm.ubulk" 441
"../../../Engine/Plugins/Animation/ControlRig/Content/Controls/ControlRig_Pyramid_3mm.uasset" 442
"../../../Engine/Plugins/Animation/ControlRig/Content/Controls/ControlRig_Pyramid_3mm.uexp" 443
"../../../Engine/Plugins/Animation/ControlRig/Content/Controls/ControlRig_Pyramid_1mm.ubulk" 444
"../../../Engine/Plugins/Animation/ControlRig/Content/Controls/ControlRig_Pyramid_1mm.uasset" 445
"../../../Engine/Plugins/Animation/ControlRig/Content/Controls/ControlRig_Pyramid_1mm.uexp" 446
"../../../Engine/Plugins/Animation/ControlRig/Content/Controls/ControlRig_Octagon_solid.ubulk" 447
"../../../Engine/Plugins/Animation/ControlRig/Content/Controls/ControlRig_Octagon_solid.uasset" 448
"../../../Engine/Plugins/Animation/ControlRig/Content/Controls/ControlRig_Octagon_solid.uexp" 449
"../../../Engine/Plugins/Animation/ControlRig/Content/Controls/ControlRig_Octagon_3mm.ubulk" 450
"../../../Engine/Plugins/Animation/ControlRig/Content/Controls/ControlRig_Octagon_3mm.uasset" 451
"../../../Engine/Plugins/Animation/ControlRig/Content/Controls/ControlRig_Octagon_3mm.uexp" 452
"../../../Engine/Plugins/Animation/ControlRig/Content/Controls/ControlRig_Octagon_1mm.ubulk" 453
"../../../Engine/Plugins/Animation/ControlRig/Content/Controls/ControlRig_Octagon_1mm.uasset" 454
"../../../Engine/Plugins/Animation/ControlRig/Content/Controls/ControlRig_Octagon_1mm.uexp" 455
"../../../Engine/Plugins/Animation/ControlRig/Content/Controls/ControlRig_Hexagon_solid.ubulk" 456
"../../../Engine/Plugins/Animation/ControlRig/Content/Controls/ControlRig_Hexagon_solid.uasset" 457
"../../../Engine/Plugins/Animation/ControlRig/Content/Controls/ControlRig_Hexagon_solid.uexp" 458
"../../../Engine/Plugins/Animation/ControlRig/Content/Controls/ControlRig_Hexagon_3mm.ubulk" 459
"../../../Engine/Plugins/Animation/ControlRig/Content/Controls/ControlRig_Hexagon_3mm.uasset" 460
"../../../Engine/Plugins/Animation/ControlRig/Content/Controls/ControlRig_Hexagon_3mm.uexp" 461
"../../../Engine/Plugins/Animation/ControlRig/Content/Controls/ControlRig_Hexagon_1mm.ubulk" 462
"../../../Engine/Plugins/Animation/ControlRig/Content/Controls/ControlRig_Hexagon_1mm.uasset" 463
"../../../Engine/Plugins/Animation/ControlRig/Content/Controls/ControlRig_Hexagon_1mm.uexp" 464
"../../../Engine/Plugins/Animation/ControlRig/Content/Controls/ControlRig_HalfCircle_solid.ubulk" 465
"../../../Engine/Plugins/Animation/ControlRig/Content/Controls/ControlRig_HalfCircle_solid.uasset" 466
"../../../Engine/Plugins/Animation/ControlRig/Content/Controls/ControlRig_HalfCircle_solid.uexp" 467
"../../../Engine/Plugins/Animation/ControlRig/Content/Controls/ControlRig_HalfCircle_3mm.ubulk" 468
"../../../Engine/Plugins/Animation/ControlRig/Content/Controls/ControlRig_HalfCircle_3mm.uasset" 469
"../../../Engine/Plugins/Animation/ControlRig/Content/Controls/ControlRig_HalfCircle_3mm.uexp" 470
"../../../Engine/Plugins/Animation/ControlRig/Content/Controls/ControlRig_HalfCircle_1mm.ubulk" 471
"../../../Engine/Plugins/Animation/ControlRig/Content/Controls/ControlRig_HalfCircle_1mm.uasset" 472
"../../../Engine/Plugins/Animation/ControlRig/Content/Controls/ControlRig_HalfCircle_1mm.uexp" 473
"../../../Engine/Plugins/Animation/ControlRig/Content/Controls/ControlRig_Diamond_solid.ubulk" 474
"../../../Engine/Plugins/Animation/ControlRig/Content/Controls/ControlRig_Diamond_solid.uasset" 475
"../../../Engine/Plugins/Animation/ControlRig/Content/Controls/ControlRig_Diamond_solid.uexp" 476
"../../../Engine/Plugins/Animation/ControlRig/Content/Controls/ControlRig_Diamond_3mm.ubulk" 477
"../../../Engine/Plugins/Animation/ControlRig/Content/Controls/ControlRig_Diamond_3mm.uasset" 478
"../../../Engine/Plugins/Animation/ControlRig/Content/Controls/ControlRig_Diamond_3mm.uexp" 479
"../../../Engine/Plugins/Animation/ControlRig/Content/Controls/ControlRig_Diamond_1mm.ubulk" 480
"../../../Engine/Plugins/Animation/ControlRig/Content/Controls/ControlRig_Diamond_1mm.uasset" 481
"../../../Engine/Plugins/Animation/ControlRig/Content/Controls/ControlRig_Diamond_1mm.uexp" 482
"../../../Engine/Plugins/Animation/ControlRig/Content/Controls/ControlRig_Circle_solid.ubulk" 483
"../../../Engine/Plugins/Animation/ControlRig/Content/Controls/ControlRig_Circle_solid.uasset" 484
"../../../Engine/Plugins/Animation/ControlRig/Content/Controls/ControlRig_Circle_solid.uexp" 485
"../../../Engine/Plugins/Animation/ControlRig/Content/Controls/ControlRig_Circle_3mm.ubulk" 486
"../../../Engine/Plugins/Animation/ControlRig/Content/Controls/ControlRig_Circle_3mm.uasset" 487
"../../../Engine/Plugins/Animation/ControlRig/Content/Controls/ControlRig_Circle_3mm.uexp" 488
"../../../Engine/Plugins/Animation/ControlRig/Content/Controls/ControlRig_Circle_1mm.ubulk" 489
"../../../Engine/Plugins/Animation/ControlRig/Content/Controls/ControlRig_Circle_1mm.uasset" 490
"../../../Engine/Plugins/Animation/ControlRig/Content/Controls/ControlRig_Circle_1mm.uexp" 491
"../../../Engine/Plugins/Animation/ControlRig/Content/Controls/ControlRig_Box_solid.ubulk" 492
"../../../Engine/Plugins/Animation/ControlRig/Content/Controls/ControlRig_Box_solid.uasset" 493
"../../../Engine/Plugins/Animation/ControlRig/Content/Controls/ControlRig_Box_solid.uexp" 494
"../../../Engine/Plugins/Animation/ControlRig/Content/Controls/ControlRig_Box_3mm.ubulk" 495
"../../../Engine/Plugins/Animation/ControlRig/Content/Controls/ControlRig_Box_3mm.uasset" 496
"../../../Engine/Plugins/Animation/ControlRig/Content/Controls/ControlRig_Box_3mm.uexp" 497
"../../../Engine/Plugins/Animation/ControlRig/Content/Controls/ControlRig_Box_1mm.ubulk" 498
"../../../Engine/Plugins/Animation/ControlRig/Content/Controls/ControlRig_Box_1mm.uasset" 499
"../../../Engine/Plugins/Animation/ControlRig/Content/Controls/ControlRig_Box_1mm.uexp" 500
"../../../Engine/Plugins/Animation/ControlRig/Content/Controls/ControlRig_Arrow_solid.ubulk" 501
"../../../Engine/Plugins/Animation/ControlRig/Content/Controls/ControlRig_Arrow_solid.uasset" 502
"../../../Engine/Plugins/Animation/ControlRig/Content/Controls/ControlRig_Arrow_solid.uexp" 503
"../../../Engine/Plugins/Animation/ControlRig/Content/Controls/ControlRig_Arrow_3mm.ubulk" 504
"../../../Engine/Plugins/Animation/ControlRig/Content/Controls/ControlRig_Arrow_3mm.uasset" 505
"../../../Engine/Plugins/Animation/ControlRig/Content/Controls/ControlRig_Arrow_3mm.uexp" 506
"../../../Engine/Plugins/Animation/ControlRig/Content/Controls/ControlRig_Arrow_1mm.ubulk" 507
"../../../Engine/Plugins/Animation/ControlRig/Content/Controls/ControlRig_Arrow_1mm.uasset" 508
"../../../Engine/Plugins/Animation/ControlRig/Content/Controls/ControlRig_Arrow_1mm.uexp" 509
"../../../Engine/Plugins/Animation/ControlRig/Content/Controls/ControlRig_Arrow4_solid.ubulk" 510
"../../../Engine/Plugins/Animation/ControlRig/Content/Controls/ControlRig_Arrow4_solid.uasset" 511
"../../../Engine/Plugins/Animation/ControlRig/Content/Controls/ControlRig_Arrow4_solid.uexp" 512
"../../../Engine/Plugins/Animation/ControlRig/Content/Controls/ControlRig_Arrow4_3mm.ubulk" 513
"../../../Engine/Plugins/Animation/ControlRig/Content/Controls/ControlRig_Arrow4_3mm.uasset" 514
"../../../Engine/Plugins/Animation/ControlRig/Content/Controls/ControlRig_Arrow4_3mm.uexp" 515
"../../../Engine/Plugins/Animation/ControlRig/Content/Controls/ControlRig_Arrow4_1mm.ubulk" 516
"../../../Engine/Plugins/Animation/ControlRig/Content/Controls/ControlRig_Arrow4_1mm.uasset" 517
"../../../Engine/Plugins/Animation/ControlRig/Content/Controls/ControlRig_Arrow4_1mm.uexp" 518
"../../../Engine/Plugins/Animation/ControlRig/Content/Controls/ControlRig_Arrow2_solid.ubulk" 519
"../../../Engine/Plugins/Animation/ControlRig/Content/Controls/ControlRig_Arrow2_solid.uasset" 520
"../../../Engine/Plugins/Animation/ControlRig/Content/Controls/ControlRig_Arrow2_solid.uexp" 521
"../../../Engine/Plugins/Animation/ControlRig/Content/Controls/ControlRig_Arrow2_3mm.ubulk" 522
"../../../Engine/Plugins/Animation/ControlRig/Content/Controls/ControlRig_Arrow2_3mm.uasset" 523
"../../../Engine/Plugins/Animation/ControlRig/Content/Controls/ControlRig_Arrow2_3mm.uexp" 524
"../../../Engine/Plugins/Animation/ControlRig/Content/Controls/ControlRig_Arrow2_1mm.ubulk" 525
"../../../Engine/Plugins/Animation/ControlRig/Content/Controls/ControlRig_Arrow2_1mm.uasset" 526
"../../../Engine/Plugins/Animation/ControlRig/Content/Controls/ControlRig_Arrow2_1mm.uexp" 527
"../../../Engine/Plugins/Animation/ControlRig/Content/Controls/ControlRigGizmoMaterial.uasset" 528
"../../../Engine/Plugins/Animation/ControlRig/Content/Controls/ControlRigGizmoMaterial.uexp" 529
"../../../Engine/Plugins/Editor/SpeedTreeImporter/Content/SpeedTree9/game_wind_noise.ubulk" 530
"../../../Engine/Plugins/Editor/SpeedTreeImporter/Content/SpeedTree9/game_wind_noise.uasset" 531
"../../../Engine/Plugins/Editor/SpeedTreeImporter/Content/SpeedTree9/game_wind_noise.uexp" 532
"../../../Engine/Plugins/Editor/SpeedTreeImporter/Content/SpeedTree9/UnpackDirection.uasset" 533
"../../../Engine/Plugins/Editor/SpeedTreeImporter/Content/SpeedTree9/UnpackDirection.uexp" 534
"../../../Engine/Content/Functions/Engine_MaterialFunctions02/ObjectLocalBounds.uasset" 535
"../../../Engine/Content/Functions/Engine_MaterialFunctions02/ObjectLocalBounds.uexp" 536
"../../../Engine/Content/Functions/Engine_MaterialFunctions02/UVs/BoundingBoxBased_0-1_UVW.uasset" 537
"../../../Engine/Content/Functions/Engine_MaterialFunctions02/UVs/BoundingBoxBased_0-1_UVW.uexp" 538
"../../../Engine/Content/Functions/Engine_MaterialFunctions02/Utility/VectorLength.uasset" 539
"../../../Engine/Content/Functions/Engine_MaterialFunctions02/Utility/VectorLength.uexp" 540
"../../../Engine/Plugins/Editor/SpeedTreeImporter/Content/SpeedTree9/UnpackInteger3.uasset" 541
"../../../Engine/Plugins/Editor/SpeedTreeImporter/Content/SpeedTree9/UnpackInteger3.uexp" 542
"../../../Engine/Plugins/Editor/SpeedTreeImporter/Content/SpeedTree9/SpeedTreeCameraFacing.uasset" 543
"../../../Engine/Plugins/Editor/SpeedTreeImporter/Content/SpeedTree9/SpeedTreeCameraFacing.uexp" 544
"../../../Engine/Content/Functions/Engine_MaterialFunctions02/WorldPositionOffset/ObjectScale.uasset" 545
"../../../Engine/Content/Functions/Engine_MaterialFunctions02/WorldPositionOffset/ObjectScale.uexp" 546
"../../../Engine/Content/Functions/Engine_MaterialFunctions02/SafeNormalize.uasset" 547
"../../../Engine/Content/Functions/Engine_MaterialFunctions02/SafeNormalize.uexp" 548
"../../../Engine/Plugins/Editor/SpeedTreeImporter/Content/SpeedTree9/SpeedTreeWindMotion.uasset" 549
"../../../Engine/Plugins/Editor/SpeedTreeImporter/Content/SpeedTree9/SpeedTreeWindMotion.uexp" 550
"../../../Engine/Plugins/Editor/SpeedTreeImporter/Content/SpeedTree9/SpeedTreeBranchMotion.uasset" 551
"../../../Engine/Plugins/Editor/SpeedTreeImporter/Content/SpeedTree9/SpeedTreeBranchMotion.uexp" 552
"../../../Engine/Plugins/Editor/SpeedTreeImporter/Content/SpeedTree9/SpeedTreeWind.uasset" 553
"../../../Engine/Plugins/Editor/SpeedTreeImporter/Content/SpeedTree9/SpeedTreeWind.uexp" 554
"../../../Engine/Plugins/Editor/SpeedTreeImporter/Content/SpeedTree9/EmptyNormal.uasset" 555
"../../../Engine/Plugins/Editor/SpeedTreeImporter/Content/SpeedTree9/EmptyNormal.uexp" 556
"../../../Engine/Plugins/Editor/SpeedTreeImporter/Content/SpeedTree9/Empty.uasset" 557
"../../../Engine/Plugins/Editor/SpeedTreeImporter/Content/SpeedTree9/Empty.uexp" 558
"../../../Engine/Plugins/Editor/SpeedTreeImporter/Content/SpeedTree9/SpeedTreeMaster.uasset" 559
"../../../Engine/Plugins/Editor/SpeedTreeImporter/Content/SpeedTree9/SpeedTreeMaster.uexp" 560
"../../../Engine/Plugins/Editor/SpeedTreeImporter/Content/SpeedTree9/SpeedTreeBillboard.uasset" 561
"../../../Engine/Plugins/Editor/SpeedTreeImporter/Content/SpeedTree9/SpeedTreeBillboard.uexp" 562
"../../../Engine/Plugins/Editor/SpeedTreeImporter/Content/SpeedTree9/SpeedTreeBillboardMaster.uasset" 563
"../../../Engine/Plugins/Editor/SpeedTreeImporter/Content/SpeedTree9/SpeedTreeBillboardMaster.uexp" 564
"../../../Engine/Plugins/Runtime/HairStrands/Content/Materials/HairMeshesDefaultMaterial.uasset" 565
"../../../Engine/Plugins/Runtime/HairStrands/Content/Materials/HairMeshesDefaultMaterial.uexp" 566
"../../../Engine/Plugins/Runtime/HairStrands/Content/Materials/HairDefaultMaterial.uasset" 567
"../../../Engine/Plugins/Runtime/HairStrands/Content/Materials/HairDefaultMaterial.uexp" 568
"../../../Engine/Plugins/Runtime/HairStrands/Content/Materials/HairGroupColors.uasset" 569
"../../../Engine/Plugins/Runtime/HairStrands/Content/Materials/HairGroupColors.uexp" 570
"../../../Engine/Content/EngineMaterials/HairColorMap.uasset" 571
"../../../Engine/Content/EngineMaterials/HairColorMap.uexp" 572
"../../../Engine/Content/EngineMaterials/HairDebugColor.uasset" 573
"../../../Engine/Content/EngineMaterials/HairDebugColor.uexp" 574
"../../../Engine/Plugins/Runtime/HairStrands/Content/Materials/HairDebugMaterial.uasset" 575
"../../../Engine/Plugins/Runtime/HairStrands/Content/Materials/HairDebugMaterial.uexp" 576
"../../../Engine/Plugins/Runtime/HairStrands/Content/Materials/HairCardsDefaultMaterial.uasset" 577
"../../../Engine/Plugins/Runtime/HairStrands/Content/Materials/HairCardsDefaultMaterial.uexp" 578
"C:/Users/uzkhjdgm/Documents/Unreal Projects/Fusilli_Dimension/Content/Blueprints/BPI_Hit.uasset" 579
"C:/Users/uzkhjdgm/Documents/Unreal Projects/Fusilli_Dimension/Content/Blueprints/BPI_Hit.uexp" 580
"C:/Users/uzkhjdgm/Documents/Unreal Projects/Fusilli_Dimension/Content/SFX/Footsteps/pasta_footsteps_03.ubulk" 581
"C:/Users/uzkhjdgm/Documents/Unreal Projects/Fusilli_Dimension/Content/SFX/Footsteps/pasta_footsteps_03.uasset" 582
"C:/Users/uzkhjdgm/Documents/Unreal Projects/Fusilli_Dimension/Content/SFX/Footsteps/pasta_footsteps_03.uexp" 583
"C:/Users/uzkhjdgm/Documents/Unreal Projects/Fusilli_Dimension/Content/SFX/Footsteps/pasta_footsteps_05.ubulk" 584
"C:/Users/uzkhjdgm/Documents/Unreal Projects/Fusilli_Dimension/Content/SFX/Footsteps/pasta_footsteps_05.uasset" 585
"C:/Users/uzkhjdgm/Documents/Unreal Projects/Fusilli_Dimension/Content/SFX/Footsteps/pasta_footsteps_05.uexp" 586
"C:/Users/uzkhjdgm/Documents/Unreal Projects/Fusilli_Dimension/Content/SFX/Footsteps/pasta_footsteps_04.ubulk" 587
"C:/Users/uzkhjdgm/Documents/Unreal Projects/Fusilli_Dimension/Content/SFX/Footsteps/pasta_footsteps_04.uasset" 588
"C:/Users/uzkhjdgm/Documents/Unreal Projects/Fusilli_Dimension/Content/SFX/Footsteps/pasta_footsteps_04.uexp" 589
"C:/Users/uzkhjdgm/Documents/Unreal Projects/Fusilli_Dimension/Content/SFX/Footsteps/pasta_footsteps_01.ubulk" 590
"C:/Users/uzkhjdgm/Documents/Unreal Projects/Fusilli_Dimension/Content/SFX/Footsteps/pasta_footsteps_01.uasset" 591
"C:/Users/uzkhjdgm/Documents/Unreal Projects/Fusilli_Dimension/Content/SFX/Footsteps/pasta_footsteps_01.uexp" 592
"C:/Users/uzkhjdgm/Documents/Unreal Projects/Fusilli_Dimension/Content/SFX/Footsteps/pasta_footsteps_02.ubulk" 593
"C:/Users/uzkhjdgm/Documents/Unreal Projects/Fusilli_Dimension/Content/SFX/Footsteps/pasta_footsteps_02.uasset" 594
"C:/Users/uzkhjdgm/Documents/Unreal Projects/Fusilli_Dimension/Content/SFX/Footsteps/pasta_footsteps_02.uexp" 595
"C:/Users/uzkhjdgm/Documents/Unreal Projects/Fusilli_Dimension/Content/SFX/NewSoundAttenuation.uasset" 596
"C:/Users/uzkhjdgm/Documents/Unreal Projects/Fusilli_Dimension/Content/SFX/NewSoundAttenuation.uexp" 597
"C:/Users/uzkhjdgm/Documents/Unreal Projects/Fusilli_Dimension/Content/SFX/Footsteps/Cue_Footstep.uasset" 598
"C:/Users/uzkhjdgm/Documents/Unreal Projects/Fusilli_Dimension/Content/SFX/Footsteps/Cue_Footstep.uexp" 599
"C:/Users/uzkhjdgm/Documents/Unreal Projects/Fusilli_Dimension/Content/SFX/Shot.ubulk" 600
"C:/Users/uzkhjdgm/Documents/Unreal Projects/Fusilli_Dimension/Content/SFX/Shot.uasset" 601
"C:/Users/uzkhjdgm/Documents/Unreal Projects/Fusilli_Dimension/Content/SFX/Shot.uexp" 602
"C:/Users/uzkhjdgm/Documents/Unreal Projects/Fusilli_Dimension/Content/Blueprints/CameraShakes/CS_Gun.uasset" 603
"C:/Users/uzkhjdgm/Documents/Unreal Projects/Fusilli_Dimension/Content/Blueprints/CameraShakes/CS_Gun.uexp" 604
"C:/Users/uzkhjdgm/Documents/Unreal Projects/Fusilli_Dimension/Content/Materials/M_Color.uasset" 605
"C:/Users/uzkhjdgm/Documents/Unreal Projects/Fusilli_Dimension/Content/Materials/M_Color.uexp" 606
"C:/Users/uzkhjdgm/Documents/Unreal Projects/Fusilli_Dimension/Content/Materials/MI_Noodle_Yellow.uasset" 607
"C:/Users/uzkhjdgm/Documents/Unreal Projects/Fusilli_Dimension/Content/Materials/MI_Noodle_Yellow.uexp" 608
"C:/Users/uzkhjdgm/Documents/Unreal Projects/Fusilli_Dimension/Content/Mesh/Fusilli.ubulk" 609
"C:/Users/uzkhjdgm/Documents/Unreal Projects/Fusilli_Dimension/Content/Mesh/Fusilli.uasset" 610
"C:/Users/uzkhjdgm/Documents/Unreal Projects/Fusilli_Dimension/Content/Mesh/Fusilli.uexp" 611
"C:/Users/uzkhjdgm/Documents/Unreal Projects/Fusilli_Dimension/Content/Textures/Fusilli.uasset" 612
"C:/Users/uzkhjdgm/Documents/Unreal Projects/Fusilli_Dimension/Content/Textures/Fusilli.uexp" 613
"C:/Users/uzkhjdgm/Documents/Unreal Projects/Fusilli_Dimension/Content/Textures/hurtvignette.uasset" 614
"C:/Users/uzkhjdgm/Documents/Unreal Projects/Fusilli_Dimension/Content/Textures/hurtvignette.uexp" 615
"C:/Users/uzkhjdgm/Documents/Unreal Projects/Fusilli_Dimension/Content/Textures/T_Crosshair.uasset" 616
"C:/Users/uzkhjdgm/Documents/Unreal Projects/Fusilli_Dimension/Content/Textures/T_Crosshair.uexp" 617
"../../../Engine/Content/Animation/DefaultAnimCurveCompressionSettings.uasset" 618
"../../../Engine/Content/Animation/DefaultAnimCurveCompressionSettings.uexp" 619
"C:/Users/uzkhjdgm/Documents/Unreal Projects/Fusilli_Dimension/Content/Mesh/Skeleton/Skeleton_Skeleton.uasset" 620
"C:/Users/uzkhjdgm/Documents/Unreal Projects/Fusilli_Dimension/Content/Mesh/Skeleton/Skeleton_Skeleton.uexp" 621
"../../../Engine/Content/Animation/DefaultAnimBoneCompressionSettings.uasset" 622
"../../../Engine/Content/Animation/DefaultAnimBoneCompressionSettings.uexp" 623
"C:/Users/uzkhjdgm/Documents/Unreal Projects/Fusilli_Dimension/Content/Mesh/Skeleton/Anim_Skeleton_DashAttack_Charge.uasset" 624
"C:/Users/uzkhjdgm/Documents/Unreal Projects/Fusilli_Dimension/Content/Mesh/Skeleton/Anim_Skeleton_DashAttack_Charge.uexp" 625
"C:/Users/uzkhjdgm/Documents/Unreal Projects/Fusilli_Dimension/Content/Mesh/Skeleton/Anim_Skeleton_DashAttack_Jump_Landing.uasset" 626
"C:/Users/uzkhjdgm/Documents/Unreal Projects/Fusilli_Dimension/Content/Mesh/Skeleton/Anim_Skeleton_DashAttack_Jump_Landing.uexp" 627
"C:/Users/uzkhjdgm/Documents/Unreal Projects/Fusilli_Dimension/Content/Mesh/Skeleton/Anim_Skeleton_DashAttack_Jump_Loop.uasset" 628
"C:/Users/uzkhjdgm/Documents/Unreal Projects/Fusilli_Dimension/Content/Mesh/Skeleton/Anim_Skeleton_DashAttack_Jump_Loop.uexp" 629
"C:/Users/uzkhjdgm/Documents/Unreal Projects/Fusilli_Dimension/Content/Mesh/Skeleton/Anim_Skeleton_Idle.uasset" 630
"C:/Users/uzkhjdgm/Documents/Unreal Projects/Fusilli_Dimension/Content/Mesh/Skeleton/Anim_Skeleton_Idle.uexp" 631
"C:/Users/uzkhjdgm/Documents/Unreal Projects/Fusilli_Dimension/Content/Mesh/Skeleton/Anim_Skeleton_Run.uasset" 632
"C:/Users/uzkhjdgm/Documents/Unreal Projects/Fusilli_Dimension/Content/Mesh/Skeleton/Anim_Skeleton_Run.uexp" 633
"C:/Users/uzkhjdgm/Documents/Unreal Projects/Fusilli_Dimension/Content/Mesh/Skeleton/BS_Skeleton_IdleRun.uasset" 634
"C:/Users/uzkhjdgm/Documents/Unreal Projects/Fusilli_Dimension/Content/Mesh/Skeleton/BS_Skeleton_IdleRun.uexp" 635
"C:/Users/uzkhjdgm/Documents/Unreal Projects/Fusilli_Dimension/Content/Mesh/Skeleton/Anim_Skeleton_DashAttack_Jump_Start.uasset" 636
"C:/Users/uzkhjdgm/Documents/Unreal Projects/Fusilli_Dimension/Content/Mesh/Skeleton/Anim_Skeleton_DashAttack_Jump_Start.uexp" 637
"../../../Engine/Content/EditorBlueprintResources/StandardMacros.uasset" 638
"../../../Engine/Content/EditorBlueprintResources/StandardMacros.uexp" 639
"C:/Users/uzkhjdgm/Documents/Unreal Projects/Fusilli_Dimension/Content/Mesh/Skeleton/ABP_Skeleton.uasset" 640
"C:/Users/uzkhjdgm/Documents/Unreal Projects/Fusilli_Dimension/Content/Mesh/Skeleton/ABP_Skeleton.uexp" 641
"C:/Users/uzkhjdgm/Documents/Unreal Projects/Fusilli_Dimension/Content/Mesh/Skeleton/Anim_Skeleton_Attack.uasset" 642
"C:/Users/uzkhjdgm/Documents/Unreal Projects/Fusilli_Dimension/Content/Mesh/Skeleton/Anim_Skeleton_Attack.uexp" 643
"C:/Users/uzkhjdgm/Documents/Unreal Projects/Fusilli_Dimension/Content/Mesh/Skeleton/AM_Skeleton_Attack.uasset" 644
"C:/Users/uzkhjdgm/Documents/Unreal Projects/Fusilli_Dimension/Content/Mesh/Skeleton/AM_Skeleton_Attack.uexp" 645
"C:/Users/uzkhjdgm/Documents/Unreal Projects/Fusilli_Dimension/Content/Mesh/Skeleton/FusilliMan_PhysicsAsset.uasset" 646
"C:/Users/uzkhjdgm/Documents/Unreal Projects/Fusilli_Dimension/Content/Mesh/Skeleton/FusilliMan_PhysicsAsset.uexp" 647
"C:/Users/uzkhjdgm/Documents/Unreal Projects/Fusilli_Dimension/Content/Mesh/Skeleton/FusilliMan.uasset" 648
"C:/Users/uzkhjdgm/Documents/Unreal Projects/Fusilli_Dimension/Content/Mesh/Skeleton/FusilliMan.uexp" 649
"C:/Users/uzkhjdgm/Documents/Unreal Projects/Fusilli_Dimension/Content/Blueprints/enum_States.uasset" 650
"C:/Users/uzkhjdgm/Documents/Unreal Projects/Fusilli_Dimension/Content/Blueprints/enum_States.uexp" 651
"C:/Users/uzkhjdgm/Documents/Unreal Projects/Fusilli_Dimension/Content/Blueprints/SkeletonBP.uasset" 652
"C:/Users/uzkhjdgm/Documents/Unreal Projects/Fusilli_Dimension/Content/Blueprints/SkeletonBP.uexp" 653
"C:/Users/uzkhjdgm/Documents/Unreal Projects/Fusilli_Dimension/Content/Blueprints/SaveGameBP.uasset" 654
"C:/Users/uzkhjdgm/Documents/Unreal Projects/Fusilli_Dimension/Content/Blueprints/SaveGameBP.uexp" 655
"C:/Users/uzkhjdgm/Documents/Unreal Projects/Fusilli_Dimension/Content/Blueprints/GI_Fusilli.uasset" 656
"C:/Users/uzkhjdgm/Documents/Unreal Projects/Fusilli_Dimension/Content/Blueprints/GI_Fusilli.uexp" 657
"../../../Engine/Content/Functions/Engine_MaterialFunctions02/ExampleContent/DebugNumberStrip.uasset" 658
"../../../Engine/Content/Functions/Engine_MaterialFunctions02/ExampleContent/DebugNumberStrip.uexp" 659
"../../../Engine/Content/Functions/Engine_MaterialFunctions01/Texturing/ComputeMipLevel.uasset" 660
"../../../Engine/Content/Functions/Engine_MaterialFunctions01/Texturing/ComputeMipLevel.uexp" 661
"../../../Engine/Content/Functions/Engine_MaterialFunctions01/Texturing/TextureCropping.uasset" 662
"../../../Engine/Content/Functions/Engine_MaterialFunctions01/Texturing/TextureCropping.uexp" 663
"../../../Engine/Content/Functions/Engine_MaterialFunctions02/ExampleContent/Textures/DebugNumberPeriod.uasset" 664
"../../../Engine/Content/Functions/Engine_MaterialFunctions02/ExampleContent/Textures/DebugNumberPeriod.uexp" 665
"../../../Engine/Content/Functions/Engine_MaterialFunctions02/Utility/DebugScalarValues.uasset" 666
"../../../Engine/Content/Functions/Engine_MaterialFunctions02/Utility/DebugScalarValues.uexp" 667
"../../../Engine/Content/Functions/Engine_MaterialFunctions02/Utility/DebugFloat2Values.uasset" 668
"../../../Engine/Content/Functions/Engine_MaterialFunctions02/Utility/DebugFloat2Values.uexp" 669
"../../../Engine/Content/Functions/Engine_MaterialFunctions02/ExampleContent/Textures/flipbook.ubulk" 670
"../../../Engine/Content/Functions/Engine_MaterialFunctions02/ExampleContent/Textures/flipbook.uasset" 671
"../../../Engine/Content/Functions/Engine_MaterialFunctions02/ExampleContent/Textures/flipbook.uexp" 672
"../../../Engine/Content/Functions/Engine_MaterialFunctions02/Texturing/FlipBook.uasset" 673
"../../../Engine/Content/Functions/Engine_MaterialFunctions02/Texturing/FlipBook.uexp" 674
"C:/Users/uzkhjdgm/Documents/Unreal Projects/Fusilli_Dimension/Content/Textures/T_SpinningNoodle.uasset" 675
"C:/Users/uzkhjdgm/Documents/Unreal Projects/Fusilli_Dimension/Content/Textures/T_SpinningNoodle.uexp" 676
"C:/Users/uzkhjdgm/Documents/Unreal Projects/Fusilli_Dimension/Content/Materials/M_SpinningNoodle.uasset" 677
"C:/Users/uzkhjdgm/Documents/Unreal Projects/Fusilli_Dimension/Content/Materials/M_SpinningNoodle.uexp" 678
"C:/Users/uzkhjdgm/Documents/Unreal Projects/Fusilli_Dimension/Content/Blueprints/PlayerWidget.uasset" 679
"C:/Users/uzkhjdgm/Documents/Unreal Projects/Fusilli_Dimension/Content/Blueprints/PlayerWidget.uexp" 680
"C:/Users/uzkhjdgm/Documents/Unreal Projects/Fusilli_Dimension/Content/Blueprints/HUD_Fusilli.uasset" 681
"C:/Users/uzkhjdgm/Documents/Unreal Projects/Fusilli_Dimension/Content/Blueprints/HUD_Fusilli.uexp" 682
"C:/Users/uzkhjdgm/Documents/Unreal Projects/Fusilli_Dimension/Content/Blueprints/CameraShakes/CS_Walk.uasset" 683
"C:/Users/uzkhjdgm/Documents/Unreal Projects/Fusilli_Dimension/Content/Blueprints/CameraShakes/CS_Walk.uexp" 684
"../../../Engine/Plugins/FX/Niagara/Content/Enums/ENiagaraRandomnessMode.uasset" 685
"../../../Engine/Plugins/FX/Niagara/Content/Enums/ENiagaraRandomnessMode.uexp" 686
"../../../Engine/Plugins/FX/Niagara/Content/Enums/ENiagaraRandomnessEvaluation.uasset" 687
"../../../Engine/Plugins/FX/Niagara/Content/Enums/ENiagaraRandomnessEvaluation.uexp" 688
"../../../Engine/Plugins/FX/Niagara/Content/Functions/V2/CalculateRandomRangeFloat.uasset" 689
"../../../Engine/Plugins/FX/Niagara/Content/Functions/V2/CalculateRandomRangeFloat.uexp" 690
"../../../Engine/Plugins/FX/Niagara/Content/DynamicInputs/UniformRange/V2/RandomRangeFloat.uasset" 691
"../../../Engine/Plugins/FX/Niagara/Content/DynamicInputs/UniformRange/V2/RandomRangeFloat.uexp" 692
"../../../Engine/Plugins/FX/Niagara/Content/Enums/ENiagara_MassInitializationMode.uasset" 693
"../../../Engine/Plugins/FX/Niagara/Content/Enums/ENiagara_MassInitializationMode.uexp" 694
"../../../Engine/Plugins/FX/Niagara/Content/DefaultAssets/DefaultSpriteMaterial.uasset" 695
"../../../Engine/Plugins/FX/Niagara/Content/DefaultAssets/DefaultSpriteMaterial.uexp" 696
"../../../Engine/Plugins/FX/Niagara/Content/Functions/DirectionAndLengthSafe.uasset" 697
"../../../Engine/Plugins/FX/Niagara/Content/Functions/DirectionAndLengthSafe.uexp" 698
"../../../Engine/Plugins/FX/Niagara/Content/Modules/Update/Size/ScaleSpriteSizeBySpeed.uasset" 699
"../../../Engine/Plugins/FX/Niagara/Content/Modules/Update/Size/ScaleSpriteSizeBySpeed.uexp" 700
"../../../Engine/Plugins/FX/Niagara/Content/Functions/Localspace/TransformBase.uasset" 701
"../../../Engine/Plugins/FX/Niagara/Content/Functions/Localspace/TransformBase.uexp" 702
"../../../Engine/Plugins/FX/Niagara/Content/Functions/Localspace/TransformVector.uasset" 703
"../../../Engine/Plugins/FX/Niagara/Content/Functions/Localspace/TransformVector.uexp" 704
"../../../Engine/Plugins/FX/Niagara/Content/Modules/Update/Forces/GravityForce.uasset" 705
"../../../Engine/Plugins/FX/Niagara/Content/Modules/Update/Forces/GravityForce.uexp" 706
"../../../Engine/Plugins/FX/Niagara/Content/Enums/ENiagara_PositionInitializationMode.uasset" 707
"../../../Engine/Plugins/FX/Niagara/Content/Enums/ENiagara_PositionInitializationMode.uexp" 708
"../../../Engine/Plugins/FX/Niagara/Content/Icons/Modules/T_Icon_Solver_LimitSpeed.uasset" 709
"../../../Engine/Plugins/FX/Niagara/Content/Icons/Modules/T_Icon_Solver_LimitSpeed.uexp" 710
"../../../Engine/Plugins/FX/Niagara/Content/Functions/Rotation/MultiplyQuaternion.uasset" 711
"../../../Engine/Plugins/FX/Niagara/Content/Functions/Rotation/MultiplyQuaternion.uexp" 712
"../../../Engine/Plugins/FX/Niagara/Content/Functions/Rotation/AxisAngleToQuaternion.uasset" 713
"../../../Engine/Plugins/FX/Niagara/Content/Functions/Rotation/AxisAngleToQuaternion.uexp" 714
"../../../Engine/Plugins/FX/Niagara/Content/Modules/Solvers/ApplyRotationVector.uasset" 715
"../../../Engine/Plugins/FX/Niagara/Content/Modules/Solvers/ApplyRotationVector.uexp" 716
"../../../Engine/Plugins/FX/Niagara/Content/Icons/Modules/T_Icon_Solver_RotationalSolve.uasset" 717
"../../../Engine/Plugins/FX/Niagara/Content/Icons/Modules/T_Icon_Solver_RotationalSolve.uexp" 718
"../../../Engine/Plugins/FX/Niagara/Content/Icons/Modules/T_Icon_Solver_LimitAccel.uasset" 719
"../../../Engine/Plugins/FX/Niagara/Content/Icons/Modules/T_Icon_Solver_LimitAccel.uexp" 720
"../../../Engine/Plugins/FX/Niagara/Content/Modules/Solvers/SolveForcesAndVelocity.uasset" 721
"../../../Engine/Plugins/FX/Niagara/Content/Modules/Solvers/SolveForcesAndVelocity.uexp" 722
"../../../Engine/Plugins/FX/Niagara/Content/Modules/Update/Forces/Drag.uasset" 723
"../../../Engine/Plugins/FX/Niagara/Content/Modules/Update/Forces/Drag.uexp" 724
"../../../Engine/Plugins/FX/Niagara/Content/Enums/ENiagaraScaleColorMode.uasset" 725
"../../../Engine/Plugins/FX/Niagara/Content/Enums/ENiagaraScaleColorMode.uexp" 726
"../../../Engine/Plugins/FX/Niagara/Content/Modules/Update/Color/ScaleColor.uasset" 727
"../../../Engine/Plugins/FX/Niagara/Content/Modules/Update/Color/ScaleColor.uexp" 728
"../../../Engine/Plugins/FX/Niagara/Content/Enums/ENiagara_SizeScaleMode.uasset" 729
"../../../Engine/Plugins/FX/Niagara/Content/Enums/ENiagara_SizeScaleMode.uexp" 730
"../../../Engine/Plugins/FX/Niagara/Content/Enums/ENiagara_UVFlippingMode.uasset" 731
"../../../Engine/Plugins/FX/Niagara/Content/Enums/ENiagara_UVFlippingMode.uexp" 732
"../../../Engine/Plugins/FX/Niagara/Content/Functions/Localspace/SimulationPosition.uasset" 733
"../../../Engine/Plugins/FX/Niagara/Content/Functions/Localspace/SimulationPosition.uexp" 734
"../../../Engine/Plugins/FX/Niagara/Content/Functions/V2/CalculateRandomRangeInteger.uasset" 735
"../../../Engine/Plugins/FX/Niagara/Content/Functions/V2/CalculateRandomRangeInteger.uexp" 736
"../../../Engine/Plugins/FX/Niagara/Content/Enums/Ribbons/ENiagara_UnsetDirectSetRandom.uasset" 737
"../../../Engine/Plugins/FX/Niagara/Content/Enums/Ribbons/ENiagara_UnsetDirectSetRandom.uexp" 738
"../../../Engine/Plugins/FX/Niagara/Content/Enums/ENiagara_LifetimeMode.uasset" 739
"../../../Engine/Plugins/FX/Niagara/Content/Enums/ENiagara_LifetimeMode.uexp" 740
"../../../Engine/Plugins/FX/Niagara/Content/Functions/V2/CalculateRandomRange.uasset" 741
"../../../Engine/Plugins/FX/Niagara/Content/Functions/V2/CalculateRandomRange.uexp" 742
"../../../Engine/Plugins/FX/Niagara/Content/Functions/V2/CalculateRandomBool.uasset" 743
"../../../Engine/Plugins/FX/Niagara/Content/Functions/V2/CalculateRandomBool.uexp" 744
"../../../Engine/Plugins/FX/Niagara/Content/Enums/Ribbons/ENiagara_UnsetDirectSet.uasset" 745
"../../../Engine/Plugins/FX/Niagara/Content/Enums/Ribbons/ENiagara_UnsetDirectSet.uexp" 746
"../../../Engine/Plugins/FX/Niagara/Content/Enums/ENiagara_SpriteRotationMode.uasset" 747
"../../../Engine/Plugins/FX/Niagara/Content/Enums/ENiagara_SpriteRotationMode.uexp" 748
"../../../Engine/Plugins/FX/Niagara/Content/Enums/ENiagara_ColorInitializationMode.uasset" 749
"../../../Engine/Plugins/FX/Niagara/Content/Enums/ENiagara_ColorInitializationMode.uexp" 750
"../../../Engine/Plugins/FX/Niagara/Content/Functions/LinearColor/HueShiftLinearColor.uasset" 751
"../../../Engine/Plugins/FX/Niagara/Content/Functions/LinearColor/HueShiftLinearColor.uexp" 752
"../../../Engine/Plugins/FX/Niagara/Content/Enums/ENiagaraChannelCorrelation.uasset" 753
"../../../Engine/Plugins/FX/Niagara/Content/Enums/ENiagaraChannelCorrelation.uexp" 754
"../../../Engine/Plugins/FX/Niagara/Content/Modules/Spawn/Initialization/V2/InitializeParticle.uasset" 755
"../../../Engine/Plugins/FX/Niagara/Content/Modules/Spawn/Initialization/V2/InitializeParticle.uexp" 756
"../../../Engine/Plugins/FX/Niagara/Content/Functions/Math/SaturateFloat.uasset" 757
"../../../Engine/Plugins/FX/Niagara/Content/Functions/Math/SaturateFloat.uexp" 758
"../../../Engine/Plugins/FX/Niagara/Content/Functions/Rotation/XYZRotationToQuaternion.uasset" 759
"../../../Engine/Plugins/FX/Niagara/Content/Functions/Rotation/XYZRotationToQuaternion.uexp" 760
"../../../Engine/Plugins/FX/Niagara/Content/Functions/Rotation/MultiplyVectorWithQuaternion.uasset" 761
"../../../Engine/Plugins/FX/Niagara/Content/Functions/Rotation/MultiplyVectorWithQuaternion.uexp" 762
"../../../Engine/Plugins/FX/Niagara/Content/Functions/Rotation/FindQuatBetween.uasset" 763
"../../../Engine/Plugins/FX/Niagara/Content/Functions/Rotation/FindQuatBetween.uexp" 764
"../../../Engine/Plugins/FX/Niagara/Content/Functions/V2/CalculateRandomUnitVector.uasset" 765
"../../../Engine/Plugins/FX/Niagara/Content/Functions/V2/CalculateRandomUnitVector.uexp" 766
"../../../Engine/Plugins/FX/Niagara/Content/Enums/Angles/ENiagara_AngleInput.uasset" 767
"../../../Engine/Plugins/FX/Niagara/Content/Enums/Angles/ENiagara_AngleInput.uexp" 768
"../../../Engine/Plugins/FX/Niagara/Content/Functions/Rotation/AngleUnitConverter.uasset" 769
"../../../Engine/Plugins/FX/Niagara/Content/Functions/Rotation/AngleUnitConverter.uexp" 770
"../../../Engine/Plugins/FX/Niagara/Content/Enums/Utility/ENiagara_VelocityMode.uasset" 771
"../../../Engine/Plugins/FX/Niagara/Content/Enums/Utility/ENiagara_VelocityMode.uexp" 772
"../../../Engine/Plugins/FX/Niagara/Content/Functions/Rotation/InvertQuaternion.uasset" 773
"../../../Engine/Plugins/FX/Niagara/Content/Functions/Rotation/InvertQuaternion.uexp" 774
"../../../Engine/Plugins/FX/Niagara/Content/Functions/Rotation/MatrixToQuaternion.uasset" 775
"../../../Engine/Plugins/FX/Niagara/Content/Functions/Rotation/MatrixToQuaternion.uexp" 776
"../../../Engine/Plugins/FX/Niagara/Content/Functions/Rotation/MakeQuaternionFrom3BasisVectors.uasset" 777
"../../../Engine/Plugins/FX/Niagara/Content/Functions/Rotation/MakeQuaternionFrom3BasisVectors.uexp" 778
"../../../Engine/Plugins/FX/Niagara/Content/Enums/Transforms/ENiagara_RotationMode.uasset" 779
"../../../Engine/Plugins/FX/Niagara/Content/Enums/Transforms/ENiagara_RotationMode.uexp" 780
"../../../Engine/Plugins/FX/Niagara/Content/Functions/Rotation/TransformStack/TransformStack_Rotation.uasset" 781
"../../../Engine/Plugins/FX/Niagara/Content/Functions/Rotation/TransformStack/TransformStack_Rotation.uexp" 782
"../../../Engine/Plugins/FX/Niagara/Content/Functions/GetRandomInfo.uasset" 783
"../../../Engine/Plugins/FX/Niagara/Content/Functions/GetRandomInfo.uexp" 784
"../../../Engine/Plugins/FX/Niagara/Content/Functions/RandomRangeFloat.uasset" 785
"../../../Engine/Plugins/FX/Niagara/Content/Functions/RandomRangeFloat.uexp" 786
"../../../Engine/Plugins/FX/Niagara/Content/Functions/Math/CalculateRandomPointInConeSphereIntersection.uasset" 787
"../../../Engine/Plugins/FX/Niagara/Content/Functions/Math/CalculateRandomPointInConeSphereIntersection.uexp" 788
"../../../Engine/Plugins/FX/Niagara/Content/Functions/NormalizeDistanceRange.uasset" 789
"../../../Engine/Plugins/FX/Niagara/Content/Functions/NormalizeDistanceRange.uexp" 790
"../../../Engine/Plugins/FX/Niagara/Content/Functions/DistanceBasedFalloff.uasset" 791
"../../../Engine/Plugins/FX/Niagara/Content/Functions/DistanceBasedFalloff.uexp" 792
"../../../Engine/Plugins/FX/Niagara/Content/Modules/Spawn/Velocity/AddVelocity.uasset" 793
"../../../Engine/Plugins/FX/Niagara/Content/Modules/Spawn/Velocity/AddVelocity.uexp" 794
"../../../Engine/Plugins/FX/Niagara/Content/Enums/ENiagaraEmitterLifeCycleMode.uasset" 795
"../../../Engine/Plugins/FX/Niagara/Content/Enums/ENiagaraEmitterLifeCycleMode.uexp" 796
"../../../Engine/Plugins/FX/Niagara/Content/Functions/Emitter/EmitterChangeState.uasset" 797
"../../../Engine/Plugins/FX/Niagara/Content/Functions/Emitter/EmitterChangeState.uexp" 798
"../../../Engine/Plugins/FX/Niagara/Content/Enums/ENiagara_InfiniteLoopDuration.uasset" 799
"../../../Engine/Plugins/FX/Niagara/Content/Enums/ENiagara_InfiniteLoopDuration.uexp" 800
"../../../Engine/Plugins/FX/Niagara/Content/Enums/ENiagara_EmitterStateOptions.uasset" 801
"../../../Engine/Plugins/FX/Niagara/Content/Enums/ENiagara_EmitterStateOptions.uexp" 802
"../../../Engine/Plugins/FX/Niagara/Content/Enums/ENiagaraInactiveMode.uasset" 803
"../../../Engine/Plugins/FX/Niagara/Content/Enums/ENiagaraInactiveMode.uexp" 804
"../../../Engine/Plugins/FX/Niagara/Content/Enums/ENiagaraExecutionStateManagement.uasset" 805
"../../../Engine/Plugins/FX/Niagara/Content/Enums/ENiagaraExecutionStateManagement.uexp" 806
"../../../Engine/Plugins/FX/Niagara/Content/Enums/ENiagaraEmitterScalabilityMode_Limited.uasset" 807
"../../../Engine/Plugins/FX/Niagara/Content/Enums/ENiagaraEmitterScalabilityMode_Limited.uexp" 808
"../../../Engine/Plugins/FX/Niagara/Content/Modules/Emitter/EmitterState.uasset" 809
"../../../Engine/Plugins/FX/Niagara/Content/Modules/Emitter/EmitterState.uexp" 810
"../../../Engine/Plugins/FX/Niagara/Content/Modules/Emitter/SpawnBurst_Instantaneous.uasset" 811
"../../../Engine/Plugins/FX/Niagara/Content/Modules/Emitter/SpawnBurst_Instantaneous.uexp" 812
"../../../Engine/Plugins/FX/Niagara/Content/Enums/ENiagaraSystemInactiveMode.uasset" 813
"../../../Engine/Plugins/FX/Niagara/Content/Enums/ENiagaraSystemInactiveMode.uexp" 814
"../../../Engine/Plugins/FX/Niagara/Content/Functions/System/SystemChangeState.uasset" 815
"../../../Engine/Plugins/FX/Niagara/Content/Functions/System/SystemChangeState.uexp" 816
"../../../Engine/Plugins/FX/Niagara/Content/Modules/System/SystemState.uasset" 817
"../../../Engine/Plugins/FX/Niagara/Content/Modules/System/SystemState.uexp" 818
"../../../Engine/Plugins/FX/Niagara/Content/DynamicInputs/ValueFromCurve/FloatFromCurve.uasset" 819
"../../../Engine/Plugins/FX/Niagara/Content/DynamicInputs/ValueFromCurve/FloatFromCurve.uexp" 820
"../../../Engine/Plugins/FX/Niagara/Content/Icons/Modules/T_Icon_Particle_InfiniteLife.uasset" 821
"../../../Engine/Plugins/FX/Niagara/Content/Icons/Modules/T_Icon_Particle_InfiniteLife.uexp" 822
"../../../Engine/Plugins/FX/Niagara/Content/Modules/Update/Lifetime/ParticleState.uasset" 823
"../../../Engine/Plugins/FX/Niagara/Content/Modules/Update/Lifetime/ParticleState.uexp" 824
"C:/Users/uzkhjdgm/Documents/Unreal Projects/Fusilli_Dimension/Content/VFX/PS_BulletHitGround_System.uasset" 825
"C:/Users/uzkhjdgm/Documents/Unreal Projects/Fusilli_Dimension/Content/VFX/PS_BulletHitGround_System.uexp" 826
"C:/Users/uzkhjdgm/Documents/Unreal Projects/Fusilli_Dimension/Content/SFX/Reload.ubulk" 827
"C:/Users/uzkhjdgm/Documents/Unreal Projects/Fusilli_Dimension/Content/SFX/Reload.uasset" 828
"C:/Users/uzkhjdgm/Documents/Unreal Projects/Fusilli_Dimension/Content/SFX/Reload.uexp" 829
"C:/Users/uzkhjdgm/Documents/Unreal Projects/Fusilli_Dimension/Content/SFX/Grenade_Pop.ubulk" 830
"C:/Users/uzkhjdgm/Documents/Unreal Projects/Fusilli_Dimension/Content/SFX/Grenade_Pop.uasset" 831
"C:/Users/uzkhjdgm/Documents/Unreal Projects/Fusilli_Dimension/Content/SFX/Grenade_Pop.uexp" 832
"C:/Users/uzkhjdgm/Documents/Unreal Projects/Fusilli_Dimension/Content/SFX/NewSoundAttenuation1.uasset" 833
"C:/Users/uzkhjdgm/Documents/Unreal Projects/Fusilli_Dimension/Content/SFX/NewSoundAttenuation1.uexp" 834
"../../../Engine/Plugins/FX/Niagara/Content/Enums/ENiagaraCollisionRadiusOptions.uasset" 835
"../../../Engine/Plugins/FX/Niagara/Content/Enums/ENiagaraCollisionRadiusOptions.uexp" 836
"../../../Engine/Plugins/FX/Niagara/Content/Enums/ENiagaraFrictionMergeType.uasset" 837
"../../../Engine/Plugins/FX/Niagara/Content/Enums/ENiagaraFrictionMergeType.uexp" 838
"../../../Engine/Plugins/FX/Niagara/Content/Enums/ENiagara_GPUCollisionType.uasset" 839
"../../../Engine/Plugins/FX/Niagara/Content/Enums/ENiagara_GPUCollisionType.uexp" 840
"../../../Engine/Plugins/FX/Niagara/Content/Enums/ENiagaraCalculateRadiusOptions.uasset" 841
"../../../Engine/Plugins/FX/Niagara/Content/Enums/ENiagaraCalculateRadiusOptions.uexp" 842
"../../../Engine/Plugins/FX/Niagara/Content/Enums/ENiagara_CPUCollisionType.uasset" 843
"../../../Engine/Plugins/FX/Niagara/Content/Enums/ENiagara_CPUCollisionType.uexp" 844
"../../../Engine/Plugins/FX/Niagara/Content/Enums/ENiagaraRestitutionMergeType.uasset" 845
"../../../Engine/Plugins/FX/Niagara/Content/Enums/ENiagaraRestitutionMergeType.uexp" 846
"../../../Engine/Plugins/FX/Niagara/Content/Functions/ProjectVectorOnPlane.uasset" 847
"../../../Engine/Plugins/FX/Niagara/Content/Functions/ProjectVectorOnPlane.uexp" 848
"../../../Engine/Plugins/FX/Niagara/Content/Functions/CalculateRadiusFromSpriteSize.uasset" 849
"../../../Engine/Plugins/FX/Niagara/Content/Functions/CalculateRadiusFromSpriteSize.uexp" 850
"../../../Engine/Plugins/FX/Niagara/Content/Functions/ReflectVector.uasset" 851
"../../../Engine/Plugins/FX/Niagara/Content/Functions/ReflectVector.uexp" 852
"../../../Engine/Plugins/FX/Niagara/Content/Enums/ENiagara_Float4Channel.uasset" 853
"../../../Engine/Plugins/FX/Niagara/Content/Enums/ENiagara_Float4Channel.uexp" 854
"../../../Engine/Plugins/FX/Niagara/Content/Functions/Textures/CalculateA_VolumeTexturesDistanceFieldGradient.uasset" 855
"../../../Engine/Plugins/FX/Niagara/Content/Functions/Textures/CalculateA_VolumeTexturesDistanceFieldGradient.uexp" 856
"../../../Engine/Plugins/FX/Niagara/Content/Modules/Collision/NiagaraDistanceFieldCollisions.uasset" 857
"../../../Engine/Plugins/FX/Niagara/Content/Modules/Collision/NiagaraDistanceFieldCollisions.uexp" 858
"../../../Engine/Plugins/FX/Niagara/Content/Modules/Collision/SceneDepthTest.uasset" 859
"../../../Engine/Plugins/FX/Niagara/Content/Modules/Collision/SceneDepthTest.uexp" 860
"../../../Engine/Plugins/FX/Niagara/Content/Functions/Collision/PlaneSphereCollisionDetection.uasset" 861
"../../../Engine/Plugins/FX/Niagara/Content/Functions/Collision/PlaneSphereCollisionDetection.uexp" 862
"../../../Engine/Plugins/FX/Niagara/Content/Functions/Collision/RandomizeCollisionNormals.uasset" 863
"../../../Engine/Plugins/FX/Niagara/Content/Functions/Collision/RandomizeCollisionNormals.uexp" 864
"../../../Engine/Plugins/FX/Niagara/Content/Functions/Math/CentimeterMeterConversion.uasset" 865
"../../../Engine/Plugins/FX/Niagara/Content/Functions/Math/CentimeterMeterConversion.uexp" 866
"../../../Engine/Plugins/FX/Niagara/Content/Modules/Collision/CollisionQueryAndResponse.uasset" 867
"../../../Engine/Plugins/FX/Niagara/Content/Modules/Collision/CollisionQueryAndResponse.uexp" 868
"../../../Engine/Plugins/FX/Niagara/Content/Functions/Localspace/TransformPosition.uasset" 869
"../../../Engine/Plugins/FX/Niagara/Content/Functions/Localspace/TransformPosition.uexp" 870
"../../../Engine/Plugins/FX/Niagara/Content/Functions/Helpers/DoOnce_fn.uasset" 871
"../../../Engine/Plugins/FX/Niagara/Content/Functions/Helpers/DoOnce_fn.uexp" 872
"../../../Engine/Plugins/FX/Niagara/Content/Functions/CalculateMeshRadius.uasset" 873
"../../../Engine/Plugins/FX/Niagara/Content/Functions/CalculateMeshRadius.uexp" 874
"../../../Engine/Plugins/FX/Niagara/Content/Modules/Collision/Collision.uasset" 875
"../../../Engine/Plugins/FX/Niagara/Content/Modules/Collision/Collision.uexp" 876
"C:/Users/uzkhjdgm/Documents/Unreal Projects/Fusilli_Dimension/Content/VFX/PS_Grenade_Explode.uasset" 877
"C:/Users/uzkhjdgm/Documents/Unreal Projects/Fusilli_Dimension/Content/VFX/PS_Grenade_Explode.uexp" 878
"C:/Users/uzkhjdgm/Documents/Unreal Projects/Fusilli_Dimension/Content/Blueprints/ExplosionBP.uasset" 879
"C:/Users/uzkhjdgm/Documents/Unreal Projects/Fusilli_Dimension/Content/Blueprints/ExplosionBP.uexp" 880
"C:/Users/uzkhjdgm/Documents/Unreal Projects/Fusilli_Dimension/Content/Blueprints/GrenadeBP.uasset" 881
"C:/Users/uzkhjdgm/Documents/Unreal Projects/Fusilli_Dimension/Content/Blueprints/GrenadeBP.uexp" 882
"C:/Users/uzkhjdgm/Documents/Unreal Projects/Fusilli_Dimension/Content/SFX/Grenade_Launch.ubulk" 883
"C:/Users/uzkhjdgm/Documents/Unreal Projects/Fusilli_Dimension/Content/SFX/Grenade_Launch.uasset" 884
"C:/Users/uzkhjdgm/Documents/Unreal Projects/Fusilli_Dimension/Content/SFX/Grenade_Launch.uexp" 885
"C:/Users/uzkhjdgm/Documents/Unreal Projects/Fusilli_Dimension/Content/Blueprints/PlayerBP.uasset" 886
"C:/Users/uzkhjdgm/Documents/Unreal Projects/Fusilli_Dimension/Content/Blueprints/PlayerBP.uexp" 887
"C:/Users/uzkhjdgm/Documents/Unreal Projects/Fusilli_Dimension/Content/Blueprints/SpinningNoodle.uasset" 888
"C:/Users/uzkhjdgm/Documents/Unreal Projects/Fusilli_Dimension/Content/Blueprints/SpinningNoodle.uexp" 889
"C:/Users/uzkhjdgm/Documents/Unreal Projects/Fusilli_Dimension/Content/Mesh/Skeleton/T_Skeleton.ubulk" 890
"C:/Users/uzkhjdgm/Documents/Unreal Projects/Fusilli_Dimension/Content/Mesh/Skeleton/T_Skeleton.uasset" 891
"C:/Users/uzkhjdgm/Documents/Unreal Projects/Fusilli_Dimension/Content/Mesh/Skeleton/T_Skeleton.uexp" 892
"C:/Users/uzkhjdgm/Documents/Unreal Projects/Fusilli_Dimension/Content/Mesh/Skeleton/M_Skeleton.uasset" 893
"C:/Users/uzkhjdgm/Documents/Unreal Projects/Fusilli_Dimension/Content/Mesh/Skeleton/M_Skeleton.uexp" 894
"C:/Users/uzkhjdgm/Documents/Unreal Projects/Fusilli_Dimension/Content/Mesh/Skeleton/MI_Skeleton.uasset" 895
"C:/Users/uzkhjdgm/Documents/Unreal Projects/Fusilli_Dimension/Content/Mesh/Skeleton/MI_Skeleton.uexp" 896
"C:/Users/uzkhjdgm/Documents/Unreal Projects/Fusilli_Dimension/Content/Materials/M_Particle.uasset" 897
"C:/Users/uzkhjdgm/Documents/Unreal Projects/Fusilli_Dimension/Content/Materials/M_Particle.uexp" 898
"../../../Engine/Content/Maps/Entry_BuiltData.uasset" 899
"../../../Engine/Content/Maps/Entry_BuiltData.uexp" 900
"../../../Engine/Content/Maps/Entry.uexp" 901
"../../../Engine/Content/Maps/Entry.umap" 902
"C:/Users/uzkhjdgm/Documents/Unreal Projects/Fusilli_Dimension/Content/Mesh/FusilliFoliage.uasset" 903
"C:/Users/uzkhjdgm/Documents/Unreal Projects/Fusilli_Dimension/Content/Mesh/FusilliFoliage.uexp" 904
"C:/Users/uzkhjdgm/Documents/Unreal Projects/Fusilli_Dimension/Content/SFX/Pasta_asmr.ubulk" 905
"C:/Users/uzkhjdgm/Documents/Unreal Projects/Fusilli_Dimension/Content/SFX/Pasta_asmr.uasset" 906
"C:/Users/uzkhjdgm/Documents/Unreal Projects/Fusilli_Dimension/Content/SFX/Pasta_asmr.uexp" 907
"C:/Users/uzkhjdgm/Documents/Unreal Projects/Fusilli_Dimension/Content/Materials/Postprocess/MaterialParameterCollection_PSXShader.uasset" 908
"C:/Users/uzkhjdgm/Documents/Unreal Projects/Fusilli_Dimension/Content/Materials/Postprocess/MaterialParameterCollection_PSXShader.uexp" 909
"C:/Users/uzkhjdgm/Documents/Unreal Projects/Fusilli_Dimension/Content/Materials/Postprocess/M_PSXShader.uasset" 910
"C:/Users/uzkhjdgm/Documents/Unreal Projects/Fusilli_Dimension/Content/Materials/Postprocess/M_PSXShader.uexp" 911
"C:/Users/uzkhjdgm/Documents/Unreal Projects/Fusilli_Dimension/Content/Blueprints/GM_Fusilli.uasset" 912
"C:/Users/uzkhjdgm/Documents/Unreal Projects/Fusilli_Dimension/Content/Blueprints/GM_Fusilli.uexp" 913
"C:/Users/uzkhjdgm/Documents/Unreal Projects/Fusilli_Dimension/Content/Maps/lvl_Fusilli_BuiltData.uexp" 914
"C:/Users/uzkhjdgm/Documents/Unreal Projects/Fusilli_Dimension/Content/Maps/lvl_Fusilli_BuiltData.ubulk" 915
"C:/Users/uzkhjdgm/Documents/Unreal Projects/Fusilli_Dimension/Content/Maps/lvl_Fusilli_BuiltData.uasset" 916
"C:/Users/uzkhjdgm/Documents/Unreal Projects/Fusilli_Dimension/Content/Maps/lvl_Fusilli_BuiltData.uptnl" 917
"C:/Users/uzkhjdgm/Documents/Unreal Projects/Fusilli_Dimension/Content/Textures/T_Noodles.uasset" 918
"C:/Users/uzkhjdgm/Documents/Unreal Projects/Fusilli_Dimension/Content/Textures/T_Noodles.uexp" 919
"C:/Users/uzkhjdgm/Documents/Unreal Projects/Fusilli_Dimension/Content/Textures/N_Noodles.uasset" 920
"C:/Users/uzkhjdgm/Documents/Unreal Projects/Fusilli_Dimension/Content/Textures/N_Noodles.uexp" 921
"C:/Users/uzkhjdgm/Documents/Unreal Projects/Fusilli_Dimension/Content/Materials/M_Texture_Normal.uasset" 922
"C:/Users/uzkhjdgm/Documents/Unreal Projects/Fusilli_Dimension/Content/Materials/M_Texture_Normal.uexp" 923
"C:/Users/uzkhjdgm/Documents/Unreal Projects/Fusilli_Dimension/Content/Materials/MI_Fusilli.uasset" 924
"C:/Users/uzkhjdgm/Documents/Unreal Projects/Fusilli_Dimension/Content/Materials/MI_Fusilli.uexp" 925
"C:/Users/uzkhjdgm/Documents/Unreal Projects/Fusilli_Dimension/Content/Maps/lvl_Fusilli.uexp" 926
"C:/Users/uzkhjdgm/Documents/Unreal Projects/Fusilli_Dimension/Content/Maps/lvl_Fusilli.umap" 927
